CRITICAL - 2022-01-05 09:20:03 --> session_start(): A session had already been started - ignoring
#0 [internal function]: CodeIgniter\Debug\Exceptions->errorHandler(8, 'session_start()...', '/var/www/photol...', 2, Array)
#1 /var/www/photolib/app/Views/dev/test_header.php(2): session_start()
#2 /var/www/photolib/system/View/View.php(214): include('/var/www/photol...')
#3 /var/www/photolib/system/View/View.php(217): CodeIgniter\View\View->CodeIgniter\View\{closure}()
#4 /var/www/photolib/system/Common.php(1097): CodeIgniter\View\View->render('dev/test_header', Array, true)
#5 /var/www/photolib/app/Controllers/Home.php(366): view('dev/test_header', Array)
#6 /var/www/photolib/system/CodeIgniter.php(824): App\Controllers\Home->other()
#7 /var/www/photolib/system/CodeIgniter.php(410): CodeIgniter\CodeIgniter->runController(Object(App\Controllers\Home))
#8 /var/www/photolib/system/CodeIgniter.php(318): CodeIgniter\CodeIgniter->handleRequest(NULL, Object(Config\Cache), false)
#9 /var/www/photolib/public/index.php(37): CodeIgniter\CodeIgniter->run()
#10 {main}
CRITICAL - 2022-01-05 09:20:50 --> session_start(): A session had already been started - ignoring
#0 [internal function]: CodeIgniter\Debug\Exceptions->errorHandler(8, 'session_start()...', '/var/www/photol...', 2, Array)
#1 /var/www/photolib/app/Views/dev/test_header.php(2): session_start()
#2 /var/www/photolib/system/View/View.php(214): include('/var/www/photol...')
#3 /var/www/photolib/system/View/View.php(217): CodeIgniter\View\View->CodeIgniter\View\{closure}()
#4 /var/www/photolib/system/Common.php(1097): CodeIgniter\View\View->render('dev/test_header', Array, true)
#5 /var/www/photolib/app/Controllers/Home.php(366): view('dev/test_header', Array)
#6 /var/www/photolib/system/CodeIgniter.php(824): App\Controllers\Home->other()
#7 /var/www/photolib/system/CodeIgniter.php(410): CodeIgniter\CodeIgniter->runController(Object(App\Controllers\Home))
#8 /var/www/photolib/system/CodeIgniter.php(318): CodeIgniter\CodeIgniter->handleRequest(NULL, Object(Config\Cache), false)
#9 /var/www/photolib/public/index.php(37): CodeIgniter\CodeIgniter->run()
#10 {main}
CRITICAL - 2022-01-05 09:20:52 --> session_start(): A session had already been started - ignoring
#0 [internal function]: CodeIgniter\Debug\Exceptions->errorHandler(8, 'session_start()...', '/var/www/photol...', 2, Array)
#1 /var/www/photolib/app/Views/dev/test_header.php(2): session_start()
#2 /var/www/photolib/system/View/View.php(214): include('/var/www/photol...')
#3 /var/www/photolib/system/View/View.php(217): CodeIgniter\View\View->CodeIgniter\View\{closure}()
#4 /var/www/photolib/system/Common.php(1097): CodeIgniter\View\View->render('dev/test_header', Array, true)
#5 /var/www/photolib/app/Controllers/Home.php(366): view('dev/test_header', Array)
#6 /var/www/photolib/system/CodeIgniter.php(824): App\Controllers\Home->other()
#7 /var/www/photolib/system/CodeIgniter.php(410): CodeIgniter\CodeIgniter->runController(Object(App\Controllers\Home))
#8 /var/www/photolib/system/CodeIgniter.php(318): CodeIgniter\CodeIgniter->handleRequest(NULL, Object(Config\Cache), false)
#9 /var/www/photolib/public/index.php(37): CodeIgniter\CodeIgniter->run()
#10 {main}
CRITICAL - 2022-01-05 09:21:04 --> session_start(): A session had already been started - ignoring
#0 [internal function]: CodeIgniter\Debug\Exceptions->errorHandler(8, 'session_start()...', '/var/www/photol...', 2, Array)
#1 /var/www/photolib/app/Views/dev/test_header.php(2): session_start()
#2 /var/www/photolib/system/View/View.php(214): include('/var/www/photol...')
#3 /var/www/photolib/system/View/View.php(217): CodeIgniter\View\View->CodeIgniter\View\{closure}()
#4 /var/www/photolib/system/Common.php(1097): CodeIgniter\View\View->render('dev/test_header', Array, true)
#5 /var/www/photolib/app/Controllers/Home.php(366): view('dev/test_header', Array)
#6 /var/www/photolib/system/CodeIgniter.php(824): App\Controllers\Home->other()
#7 /var/www/photolib/system/CodeIgniter.php(410): CodeIgniter\CodeIgniter->runController(Object(App\Controllers\Home))
#8 /var/www/photolib/system/CodeIgniter.php(318): CodeIgniter\CodeIgniter->handleRequest(NULL, Object(Config\Cache), false)
#9 /var/www/photolib/public/index.php(37): CodeIgniter\CodeIgniter->run()
#10 {main}
CRITICAL - 2022-01-05 09:21:07 --> session_start(): A session had already been started - ignoring
#0 [internal function]: CodeIgniter\Debug\Exceptions->errorHandler(8, 'session_start()...', '/var/www/photol...', 2, Array)
#1 /var/www/photolib/app/Views/dev/test_header.php(2): session_start()
#2 /var/www/photolib/system/View/View.php(214): include('/var/www/photol...')
#3 /var/www/photolib/system/View/View.php(217): CodeIgniter\View\View->CodeIgniter\View\{closure}()
#4 /var/www/photolib/system/Common.php(1097): CodeIgniter\View\View->render('dev/test_header', Array, true)
#5 /var/www/photolib/app/Controllers/Home.php(366): view('dev/test_header', Array)
#6 /var/www/photolib/system/CodeIgniter.php(824): App\Controllers\Home->other()
#7 /var/www/photolib/system/CodeIgniter.php(410): CodeIgniter\CodeIgniter->runController(Object(App\Controllers\Home))
#8 /var/www/photolib/system/CodeIgniter.php(318): CodeIgniter\CodeIgniter->handleRequest(NULL, Object(Config\Cache), false)
#9 /var/www/photolib/public/index.php(37): CodeIgniter\CodeIgniter->run()
#10 {main}
CRITICAL - 2022-01-05 09:21:17 --> session_start(): A session had already been started - ignoring
#0 [internal function]: CodeIgniter\Debug\Exceptions->errorHandler(8, 'session_start()...', '/var/www/photol...', 2, Array)
#1 /var/www/photolib/app/Views/dev/test_header.php(2): session_start()
#2 /var/www/photolib/system/View/View.php(214): include('/var/www/photol...')
#3 /var/www/photolib/system/View/View.php(217): CodeIgniter\View\View->CodeIgniter\View\{closure}()
#4 /var/www/photolib/system/Common.php(1097): CodeIgniter\View\View->render('dev/test_header', Array, true)
#5 /var/www/photolib/app/Controllers/Home.php(366): view('dev/test_header', Array)
#6 /var/www/photolib/system/CodeIgniter.php(824): App\Controllers\Home->other()
#7 /var/www/photolib/system/CodeIgniter.php(410): CodeIgniter\CodeIgniter->runController(Object(App\Controllers\Home))
#8 /var/www/photolib/system/CodeIgniter.php(318): CodeIgniter\CodeIgniter->handleRequest(NULL, Object(Config\Cache), false)
#9 /var/www/photolib/public/index.php(37): CodeIgniter\CodeIgniter->run()
#10 {main}
CRITICAL - 2022-01-05 09:24:29 --> syntax error, unexpected ';', expecting ')'
#0 /var/www/photolib/system/View/View.php(217): CodeIgniter\View\View->CodeIgniter\View\{closure}()
#1 /var/www/photolib/system/Common.php(1097): CodeIgniter\View\View->render('dev/test_header', Array, true)
#2 /var/www/photolib/app/Controllers/Home.php(366): view('dev/test_header', Array)
#3 /var/www/photolib/system/CodeIgniter.php(824): App\Controllers\Home->other()
#4 /var/www/photolib/system/CodeIgniter.php(410): CodeIgniter\CodeIgniter->runController(Object(App\Controllers\Home))
#5 /var/www/photolib/system/CodeIgniter.php(318): CodeIgniter\CodeIgniter->handleRequest(NULL, Object(Config\Cache), false)
#6 /var/www/photolib/public/index.php(37): CodeIgniter\CodeIgniter->run()
#7 {main}
CRITICAL - 2022-01-05 09:24:42 --> session_start(): A session had already been started - ignoring
#0 [internal function]: CodeIgniter\Debug\Exceptions->errorHandler(8, 'session_start()...', '/var/www/photol...', 2, Array)
#1 /var/www/photolib/app/Views/dev/test_header.php(2): session_start()
#2 /var/www/photolib/system/View/View.php(214): include('/var/www/photol...')
#3 /var/www/photolib/system/View/View.php(217): CodeIgniter\View\View->CodeIgniter\View\{closure}()
#4 /var/www/photolib/system/Common.php(1097): CodeIgniter\View\View->render('dev/test_header', Array, true)
#5 /var/www/photolib/app/Controllers/Home.php(366): view('dev/test_header', Array)
#6 /var/www/photolib/system/CodeIgniter.php(824): App\Controllers\Home->other()
#7 /var/www/photolib/system/CodeIgniter.php(410): CodeIgniter\CodeIgniter->runController(Object(App\Controllers\Home))
#8 /var/www/photolib/system/CodeIgniter.php(318): CodeIgniter\CodeIgniter->handleRequest(NULL, Object(Config\Cache), false)
#9 /var/www/photolib/public/index.php(37): CodeIgniter\CodeIgniter->run()
#10 {main}
CRITICAL - 2022-01-05 09:24:58 --> Undefined index: pictures_met_id
#0 /var/www/photolib/app/Views/dev/test_header.php(4): CodeIgniter\Debug\Exceptions->errorHandler(8, 'Undefined index...', '/var/www/photol...', 4, Array)
#1 /var/www/photolib/system/View/View.php(214): include('/var/www/photol...')
#2 /var/www/photolib/system/View/View.php(217): CodeIgniter\View\View->CodeIgniter\View\{closure}()
#3 /var/www/photolib/system/Common.php(1097): CodeIgniter\View\View->render('dev/test_header', Array, true)
#4 /var/www/photolib/app/Controllers/Home.php(366): view('dev/test_header', Array)
#5 /var/www/photolib/system/CodeIgniter.php(824): App\Controllers\Home->other()
#6 /var/www/photolib/system/CodeIgniter.php(410): CodeIgniter\CodeIgniter->runController(Object(App\Controllers\Home))
#7 /var/www/photolib/system/CodeIgniter.php(318): CodeIgniter\CodeIgniter->handleRequest(NULL, Object(Config\Cache), false)
#8 /var/www/photolib/public/index.php(37): CodeIgniter\CodeIgniter->run()
#9 {main}
CRITICAL - 2022-01-05 09:26:25 --> Undefined index: pictures_met_id
#0 /var/www/photolib/app/Views/dev/test_header.php(4): CodeIgniter\Debug\Exceptions->errorHandler(8, 'Undefined index...', '/var/www/photol...', 4, Array)
#1 /var/www/photolib/system/View/View.php(214): include('/var/www/photol...')
#2 /var/www/photolib/system/View/View.php(217): CodeIgniter\View\View->CodeIgniter\View\{closure}()
#3 /var/www/photolib/system/Common.php(1097): CodeIgniter\View\View->render('dev/test_header', Array, true)
#4 /var/www/photolib/app/Controllers/Home.php(366): view('dev/test_header', Array)
#5 /var/www/photolib/system/CodeIgniter.php(824): App\Controllers\Home->other()
#6 /var/www/photolib/system/CodeIgniter.php(410): CodeIgniter\CodeIgniter->runController(Object(App\Controllers\Home))
#7 /var/www/photolib/system/CodeIgniter.php(318): CodeIgniter\CodeIgniter->handleRequest(NULL, Object(Config\Cache), false)
#8 /var/www/photolib/public/index.php(37): CodeIgniter\CodeIgniter->run()
#9 {main}
CRITICAL - 2022-01-05 09:26:26 --> Undefined index: pictures_met_id
#0 /var/www/photolib/app/Views/dev/test_header.php(4): CodeIgniter\Debug\Exceptions->errorHandler(8, 'Undefined index...', '/var/www/photol...', 4, Array)
#1 /var/www/photolib/system/View/View.php(214): include('/var/www/photol...')
#2 /var/www/photolib/system/View/View.php(217): CodeIgniter\View\View->CodeIgniter\View\{closure}()
#3 /var/www/photolib/system/Common.php(1097): CodeIgniter\View\View->render('dev/test_header', Array, true)
#4 /var/www/photolib/app/Controllers/Home.php(366): view('dev/test_header', Array)
#5 /var/www/photolib/system/CodeIgniter.php(824): App\Controllers\Home->other()
#6 /var/www/photolib/system/CodeIgniter.php(410): CodeIgniter\CodeIgniter->runController(Object(App\Controllers\Home))
#7 /var/www/photolib/system/CodeIgniter.php(318): CodeIgniter\CodeIgniter->handleRequest(NULL, Object(Config\Cache), false)
#8 /var/www/photolib/public/index.php(37): CodeIgniter\CodeIgniter->run()
#9 {main}
CRITICAL - 2022-01-05 09:26:48 --> Undefined index: pictures_met_id
#0 /var/www/photolib/app/Views/dev/test_header.php(4): CodeIgniter\Debug\Exceptions->errorHandler(8, 'Undefined index...', '/var/www/photol...', 4, Array)
#1 /var/www/photolib/system/View/View.php(214): include('/var/www/photol...')
#2 /var/www/photolib/system/View/View.php(217): CodeIgniter\View\View->CodeIgniter\View\{closure}()
#3 /var/www/photolib/system/Common.php(1097): CodeIgniter\View\View->render('dev/test_header', Array, true)
#4 /var/www/photolib/app/Controllers/Home.php(366): view('dev/test_header', Array)
#5 /var/www/photolib/system/CodeIgniter.php(824): App\Controllers\Home->other()
#6 /var/www/photolib/system/CodeIgniter.php(410): CodeIgniter\CodeIgniter->runController(Object(App\Controllers\Home))
#7 /var/www/photolib/system/CodeIgniter.php(318): CodeIgniter\CodeIgniter->handleRequest(NULL, Object(Config\Cache), false)
#8 /var/www/photolib/public/index.php(37): CodeIgniter\CodeIgniter->run()
#9 {main}
CRITICAL - 2022-01-05 09:26:49 --> Undefined index: pictures_met_id
#0 /var/www/photolib/app/Views/dev/test_header.php(4): CodeIgniter\Debug\Exceptions->errorHandler(8, 'Undefined index...', '/var/www/photol...', 4, Array)
#1 /var/www/photolib/system/View/View.php(214): include('/var/www/photol...')
#2 /var/www/photolib/system/View/View.php(217): CodeIgniter\View\View->CodeIgniter\View\{closure}()
#3 /var/www/photolib/system/Common.php(1097): CodeIgniter\View\View->render('dev/test_header', Array, true)
#4 /var/www/photolib/app/Controllers/Home.php(366): view('dev/test_header', Array)
#5 /var/www/photolib/system/CodeIgniter.php(824): App\Controllers\Home->other()
#6 /var/www/photolib/system/CodeIgniter.php(410): CodeIgniter\CodeIgniter->runController(Object(App\Controllers\Home))
#7 /var/www/photolib/system/CodeIgniter.php(318): CodeIgniter\CodeIgniter->handleRequest(NULL, Object(Config\Cache), false)
#8 /var/www/photolib/public/index.php(37): CodeIgniter\CodeIgniter->run()
#9 {main}
CRITICAL - 2022-01-05 09:26:54 --> Undefined index: pictures_met_id
#0 /var/www/photolib/app/Views/dev/test_header.php(4): CodeIgniter\Debug\Exceptions->errorHandler(8, 'Undefined index...', '/var/www/photol...', 4, Array)
#1 /var/www/photolib/system/View/View.php(214): include('/var/www/photol...')
#2 /var/www/photolib/system/View/View.php(217): CodeIgniter\View\View->CodeIgniter\View\{closure}()
#3 /var/www/photolib/system/Common.php(1097): CodeIgniter\View\View->render('dev/test_header', Array, true)
#4 /var/www/photolib/app/Controllers/Home.php(366): view('dev/test_header', Array)
#5 /var/www/photolib/system/CodeIgniter.php(824): App\Controllers\Home->other()
#6 /var/www/photolib/system/CodeIgniter.php(410): CodeIgniter\CodeIgniter->runController(Object(App\Controllers\Home))
#7 /var/www/photolib/system/CodeIgniter.php(318): CodeIgniter\CodeIgniter->handleRequest(NULL, Object(Config\Cache), false)
#8 /var/www/photolib/public/index.php(37): CodeIgniter\CodeIgniter->run()
#9 {main}
CRITICAL - 2022-01-05 09:26:56 --> Undefined index: pictures_met_id
#0 /var/www/photolib/app/Views/dev/test_header.php(4): CodeIgniter\Debug\Exceptions->errorHandler(8, 'Undefined index...', '/var/www/photol...', 4, Array)
#1 /var/www/photolib/system/View/View.php(214): include('/var/www/photol...')
#2 /var/www/photolib/system/View/View.php(217): CodeIgniter\View\View->CodeIgniter\View\{closure}()
#3 /var/www/photolib/system/Common.php(1097): CodeIgniter\View\View->render('dev/test_header', Array, true)
#4 /var/www/photolib/app/Controllers/Home.php(366): view('dev/test_header', Array)
#5 /var/www/photolib/system/CodeIgniter.php(824): App\Controllers\Home->other()
#6 /var/www/photolib/system/CodeIgniter.php(410): CodeIgniter\CodeIgniter->runController(Object(App\Controllers\Home))
#7 /var/www/photolib/system/CodeIgniter.php(318): CodeIgniter\CodeIgniter->handleRequest(NULL, Object(Config\Cache), false)
#8 /var/www/photolib/public/index.php(37): CodeIgniter\CodeIgniter->run()
#9 {main}
