CRITICAL - 2021-12-31 04:34:11 --> Call to undefined method CodeIgniter\Database\MySQLi\Result::orderBy()
#0 /var/www/photolib/app/Controllers/Home.php(63): App\Models\Video->getAllData()
#1 /var/www/photolib/system/CodeIgniter.php(824): App\Controllers\Home->video3()
#2 /var/www/photolib/system/CodeIgniter.php(410): CodeIgniter\CodeIgniter->runController(Object(App\Controllers\Home))
#3 /var/www/photolib/system/CodeIgniter.php(318): CodeIgniter\CodeIgniter->handleRequest(NULL, Object(Config\Cache), false)
#4 /var/www/photolib/public/index.php(37): CodeIgniter\CodeIgniter->run()
#5 {main}
CRITICAL - 2021-12-31 04:35:47 --> Call to undefined method App\Models\Video::getResult
#0 /var/www/photolib/app/Models/Video.php(31): CodeIgniter\Model->__call('getResult', Array)
#1 /var/www/photolib/app/Controllers/Home.php(63): App\Models\Video->getAllData()
#2 /var/www/photolib/system/CodeIgniter.php(824): App\Controllers\Home->video3()
#3 /var/www/photolib/system/CodeIgniter.php(410): CodeIgniter\CodeIgniter->runController(Object(App\Controllers\Home))
#4 /var/www/photolib/system/CodeIgniter.php(318): CodeIgniter\CodeIgniter->handleRequest(NULL, Object(Config\Cache), false)
#5 /var/www/photolib/public/index.php(37): CodeIgniter\CodeIgniter->run()
#6 {main}
CRITICAL - 2021-12-31 04:36:10 --> Trying to get property 'path' of non-object
#0 /var/www/photolib/app/Views/video3.php(7): CodeIgniter\Debug\Exceptions->errorHandler(8, 'Trying to get p...', '/var/www/photol...', 7, Array)
#1 /var/www/photolib/system/View/View.php(214): include('/var/www/photol...')
#2 /var/www/photolib/system/View/View.php(217): CodeIgniter\View\View->CodeIgniter\View\{closure}()
#3 /var/www/photolib/system/Common.php(1097): CodeIgniter\View\View->render('video3', Array, true)
#4 /var/www/photolib/app/Controllers/Home.php(71): view('video3')
#5 /var/www/photolib/system/CodeIgniter.php(824): App\Controllers\Home->video3()
#6 /var/www/photolib/system/CodeIgniter.php(410): CodeIgniter\CodeIgniter->runController(Object(App\Controllers\Home))
#7 /var/www/photolib/system/CodeIgniter.php(318): CodeIgniter\CodeIgniter->handleRequest(NULL, Object(Config\Cache), false)
#8 /var/www/photolib/public/index.php(37): CodeIgniter\CodeIgniter->run()
#9 {main}
CRITICAL - 2021-12-31 04:38:36 --> Maximum execution time of 30 seconds exceeded
#0 [internal function]: CodeIgniter\Debug\Exceptions->shutdownHandler()
#1 {main}
CRITICAL - 2021-12-31 04:38:57 --> Maximum execution time of 30 seconds exceeded
#0 [internal function]: CodeIgniter\Debug\Exceptions->shutdownHandler()
#1 {main}
CRITICAL - 2021-12-31 04:39:01 --> Maximum execution time of 30 seconds exceeded
#0 [internal function]: CodeIgniter\Debug\Exceptions->shutdownHandler()
#1 {main}
CRITICAL - 2021-12-31 04:39:22 --> Maximum execution time of 30 seconds exceeded
#0 [internal function]: CodeIgniter\Debug\Exceptions->shutdownHandler()
#1 {main}
CRITICAL - 2021-12-31 05:17:45 --> Array to string conversion
#0 /var/www/photolib/app/Views/video2.php(7): CodeIgniter\Debug\Exceptions->errorHandler(8, 'Array to string...', '/var/www/photol...', 7, Array)
#1 /var/www/photolib/system/View/View.php(214): include('/var/www/photol...')
#2 /var/www/photolib/system/View/View.php(217): CodeIgniter\View\View->CodeIgniter\View\{closure}()
#3 /var/www/photolib/system/Common.php(1097): CodeIgniter\View\View->render('video2', Array, true)
#4 /var/www/photolib/app/Controllers/Home.php(171): view('video2')
#5 /var/www/photolib/system/CodeIgniter.php(824): App\Controllers\Home->test()
#6 /var/www/photolib/system/CodeIgniter.php(410): CodeIgniter\CodeIgniter->runController(Object(App\Controllers\Home))
#7 /var/www/photolib/system/CodeIgniter.php(318): CodeIgniter\CodeIgniter->handleRequest(NULL, Object(Config\Cache), false)
#8 /var/www/photolib/public/index.php(37): CodeIgniter\CodeIgniter->run()
#9 {main}
CRITICAL - 2021-12-31 05:20:02 --> Object of class stdClass could not be converted to string
#0 /var/www/photolib/app/Views/video2.php(7): CodeIgniter\Debug\Exceptions->errorHandler(4096, 'Object of class...', '/var/www/photol...', 7, Array)
#1 /var/www/photolib/system/View/View.php(214): include('/var/www/photol...')
#2 /var/www/photolib/system/View/View.php(217): CodeIgniter\View\View->CodeIgniter\View\{closure}()
#3 /var/www/photolib/system/Common.php(1097): CodeIgniter\View\View->render('video2', Array, true)
#4 /var/www/photolib/app/Controllers/Home.php(171): view('video2')
#5 /var/www/photolib/system/CodeIgniter.php(824): App\Controllers\Home->test()
#6 /var/www/photolib/system/CodeIgniter.php(410): CodeIgniter\CodeIgniter->runController(Object(App\Controllers\Home))
#7 /var/www/photolib/system/CodeIgniter.php(318): CodeIgniter\CodeIgniter->handleRequest(NULL, Object(Config\Cache), false)
#8 /var/www/photolib/public/index.php(37): CodeIgniter\CodeIgniter->run()
#9 {main}
CRITICAL - 2021-12-31 05:20:57 --> syntax error, unexpected 'foreach' (T_FOREACH)
#0 /var/www/photolib/system/View/View.php(217): CodeIgniter\View\View->CodeIgniter\View\{closure}()
#1 /var/www/photolib/system/Common.php(1097): CodeIgniter\View\View->render('video2', Array, true)
#2 /var/www/photolib/app/Controllers/Home.php(171): view('video2')
#3 /var/www/photolib/system/CodeIgniter.php(824): App\Controllers\Home->test()
#4 /var/www/photolib/system/CodeIgniter.php(410): CodeIgniter\CodeIgniter->runController(Object(App\Controllers\Home))
#5 /var/www/photolib/system/CodeIgniter.php(318): CodeIgniter\CodeIgniter->handleRequest(NULL, Object(Config\Cache), false)
#6 /var/www/photolib/public/index.php(37): CodeIgniter\CodeIgniter->run()
#7 {main}
CRITICAL - 2021-12-31 05:24:47 --> Return value of App\Models\Counter::findIp() must be of the type array, none returned
#0 /var/www/photolib/app/Controllers/Home.php(163): App\Models\Counter->findIp('172.225.160.241')
#1 /var/www/photolib/system/CodeIgniter.php(824): App\Controllers\Home->test()
#2 /var/www/photolib/system/CodeIgniter.php(410): CodeIgniter\CodeIgniter->runController(Object(App\Controllers\Home))
#3 /var/www/photolib/system/CodeIgniter.php(318): CodeIgniter\CodeIgniter->handleRequest(NULL, Object(Config\Cache), false)
#4 /var/www/photolib/public/index.php(37): CodeIgniter\CodeIgniter->run()
#5 {main}
CRITICAL - 2021-12-31 05:24:55 --> Cannot use object of type stdClass as array
#0 /var/www/photolib/app/Controllers/Home.php(163): App\Models\Counter->findIp('172.225.160.241')
#1 /var/www/photolib/system/CodeIgniter.php(824): App\Controllers\Home->test()
#2 /var/www/photolib/system/CodeIgniter.php(410): CodeIgniter\CodeIgniter->runController(Object(App\Controllers\Home))
#3 /var/www/photolib/system/CodeIgniter.php(318): CodeIgniter\CodeIgniter->handleRequest(NULL, Object(Config\Cache), false)
#4 /var/www/photolib/public/index.php(37): CodeIgniter\CodeIgniter->run()
#5 {main}
CRITICAL - 2021-12-31 05:26:29 --> Invalid argument supplied for foreach()
#0 /var/www/photolib/app/Views/video2.php(7): CodeIgniter\Debug\Exceptions->errorHandler(2, 'Invalid argumen...', '/var/www/photol...', 7, Array)
#1 /var/www/photolib/system/View/View.php(214): include('/var/www/photol...')
#2 /var/www/photolib/system/View/View.php(217): CodeIgniter\View\View->CodeIgniter\View\{closure}()
#3 /var/www/photolib/system/Common.php(1097): CodeIgniter\View\View->render('video2', Array, true)
#4 /var/www/photolib/app/Controllers/Home.php(171): view('video2')
#5 /var/www/photolib/system/CodeIgniter.php(824): App\Controllers\Home->test()
#6 /var/www/photolib/system/CodeIgniter.php(410): CodeIgniter\CodeIgniter->runController(Object(App\Controllers\Home))
#7 /var/www/photolib/system/CodeIgniter.php(318): CodeIgniter\CodeIgniter->handleRequest(NULL, Object(Config\Cache), false)
#8 /var/www/photolib/public/index.php(37): CodeIgniter\CodeIgniter->run()
#9 {main}
CRITICAL - 2021-12-31 05:27:17 --> Return value of App\Models\Counter::findIp() must be of the type bool, none returned
#0 /var/www/photolib/app/Controllers/Home.php(163): App\Models\Counter->findIp('172.225.160.21')
#1 /var/www/photolib/system/CodeIgniter.php(824): App\Controllers\Home->test()
#2 /var/www/photolib/system/CodeIgniter.php(410): CodeIgniter\CodeIgniter->runController(Object(App\Controllers\Home))
#3 /var/www/photolib/system/CodeIgniter.php(318): CodeIgniter\CodeIgniter->handleRequest(NULL, Object(Config\Cache), false)
#4 /var/www/photolib/public/index.php(37): CodeIgniter\CodeIgniter->run()
#5 {main}
CRITICAL - 2021-12-31 05:29:06 --> Return value of App\Models\Counter::findIp() must be of the type bool, none returned
#0 /var/www/photolib/app/Controllers/Home.php(163): App\Models\Counter->findIp('172.225.160.21')
#1 /var/www/photolib/system/CodeIgniter.php(824): App\Controllers\Home->test()
#2 /var/www/photolib/system/CodeIgniter.php(410): CodeIgniter\CodeIgniter->runController(Object(App\Controllers\Home))
#3 /var/www/photolib/system/CodeIgniter.php(318): CodeIgniter\CodeIgniter->handleRequest(NULL, Object(Config\Cache), false)
#4 /var/www/photolib/public/index.php(37): CodeIgniter\CodeIgniter->run()
#5 {main}
CRITICAL - 2021-12-31 05:30:07 --> Return value of App\Models\Counter::findIp() must be of the type bool, none returned
#0 /var/www/photolib/app/Controllers/Home.php(163): App\Models\Counter->findIp('172.225.160.21')
#1 /var/www/photolib/system/CodeIgniter.php(824): App\Controllers\Home->test()
#2 /var/www/photolib/system/CodeIgniter.php(410): CodeIgniter\CodeIgniter->runController(Object(App\Controllers\Home))
#3 /var/www/photolib/system/CodeIgniter.php(318): CodeIgniter\CodeIgniter->handleRequest(NULL, Object(Config\Cache), false)
#4 /var/www/photolib/public/index.php(37): CodeIgniter\CodeIgniter->run()
#5 {main}
CRITICAL - 2021-12-31 05:30:49 --> Return value of App\Models\Counter::findIp() must be of the type bool, none returned
#0 /var/www/photolib/app/Controllers/Home.php(163): App\Models\Counter->findIp('172.225.160.21')
#1 /var/www/photolib/system/CodeIgniter.php(824): App\Controllers\Home->test()
#2 /var/www/photolib/system/CodeIgniter.php(410): CodeIgniter\CodeIgniter->runController(Object(App\Controllers\Home))
#3 /var/www/photolib/system/CodeIgniter.php(318): CodeIgniter\CodeIgniter->handleRequest(NULL, Object(Config\Cache), false)
#4 /var/www/photolib/public/index.php(37): CodeIgniter\CodeIgniter->run()
#5 {main}
CRITICAL - 2021-12-31 05:31:53 --> Array to string conversion
#0 /var/www/photolib/app/Views/video2.php(7): CodeIgniter\Debug\Exceptions->errorHandler(8, 'Array to string...', '/var/www/photol...', 7, Array)
#1 /var/www/photolib/system/View/View.php(214): include('/var/www/photol...')
#2 /var/www/photolib/system/View/View.php(217): CodeIgniter\View\View->CodeIgniter\View\{closure}()
#3 /var/www/photolib/system/Common.php(1097): CodeIgniter\View\View->render('video2', Array, true)
#4 /var/www/photolib/app/Controllers/Home.php(171): view('video2')
#5 /var/www/photolib/system/CodeIgniter.php(824): App\Controllers\Home->test()
#6 /var/www/photolib/system/CodeIgniter.php(410): CodeIgniter\CodeIgniter->runController(Object(App\Controllers\Home))
#7 /var/www/photolib/system/CodeIgniter.php(318): CodeIgniter\CodeIgniter->handleRequest(NULL, Object(Config\Cache), false)
#8 /var/www/photolib/public/index.php(37): CodeIgniter\CodeIgniter->run()
#9 {main}
CRITICAL - 2021-12-31 05:40:53 --> Array to string conversion
#0 /var/www/photolib/app/Views/video2.php(15): CodeIgniter\Debug\Exceptions->errorHandler(8, 'Array to string...', '/var/www/photol...', 15, Array)
#1 /var/www/photolib/system/View/View.php(214): include('/var/www/photol...')
#2 /var/www/photolib/system/View/View.php(217): CodeIgniter\View\View->CodeIgniter\View\{closure}()
#3 /var/www/photolib/system/Common.php(1097): CodeIgniter\View\View->render('video2', Array, true)
#4 /var/www/photolib/app/Controllers/Home.php(171): view('video2')
#5 /var/www/photolib/system/CodeIgniter.php(824): App\Controllers\Home->test()
#6 /var/www/photolib/system/CodeIgniter.php(410): CodeIgniter\CodeIgniter->runController(Object(App\Controllers\Home))
#7 /var/www/photolib/system/CodeIgniter.php(318): CodeIgniter\CodeIgniter->handleRequest(NULL, Object(Config\Cache), false)
#8 /var/www/photolib/public/index.php(37): CodeIgniter\CodeIgniter->run()
#9 {main}
CRITICAL - 2021-12-31 05:43:17 --> Trying to get property 'pages_vues' of non-object
#0 /var/www/photolib/app/Models/Counter.php(32): CodeIgniter\Debug\Exceptions->errorHandler(8, 'Trying to get p...', '/var/www/photol...', 32, Array)
#1 /var/www/photolib/app/Controllers/Home.php(163): App\Models\Counter->getViews('172.225.160.241')
#2 /var/www/photolib/system/CodeIgniter.php(824): App\Controllers\Home->test()
#3 /var/www/photolib/system/CodeIgniter.php(410): CodeIgniter\CodeIgniter->runController(Object(App\Controllers\Home))
#4 /var/www/photolib/system/CodeIgniter.php(318): CodeIgniter\CodeIgniter->handleRequest(NULL, Object(Config\Cache), false)
#5 /var/www/photolib/public/index.php(37): CodeIgniter\CodeIgniter->run()
#6 {main}
CRITICAL - 2021-12-31 06:06:27 --> Call to undefined method App\Models\Counter::insertCounter
#0 /var/www/photolib/app/Views/template/counter.php(9): CodeIgniter\Model->__call('insertCounter', Array)
#1 /var/www/photolib/app/Views/template/header.php(2): include('/var/www/photol...')
#2 /var/www/photolib/system/View/View.php(214): include('/var/www/photol...')
#3 /var/www/photolib/system/View/View.php(217): CodeIgniter\View\View->CodeIgniter\View\{closure}()
#4 /var/www/photolib/system/Common.php(1097): CodeIgniter\View\View->render('template/header', Array, true)
#5 /var/www/photolib/app/Controllers/Home.php(170): view('template/header', Array)
#6 /var/www/photolib/system/CodeIgniter.php(824): App\Controllers\Home->test()
#7 /var/www/photolib/system/CodeIgniter.php(410): CodeIgniter\CodeIgniter->runController(Object(App\Controllers\Home))
#8 /var/www/photolib/system/CodeIgniter.php(318): CodeIgniter\CodeIgniter->handleRequest(NULL, Object(Config\Cache), false)
#9 /var/www/photolib/public/index.php(37): CodeIgniter\CodeIgniter->run()
#10 {main}
CRITICAL - 2021-12-31 06:12:51 --> Trying to get property 'pages_vues' of non-object
#0 /var/www/photolib/app/Views/video2.php(9): CodeIgniter\Debug\Exceptions->errorHandler(8, 'Trying to get p...', '/var/www/photol...', 9, Array)
#1 /var/www/photolib/system/View/View.php(214): include('/var/www/photol...')
#2 /var/www/photolib/system/View/View.php(217): CodeIgniter\View\View->CodeIgniter\View\{closure}()
#3 /var/www/photolib/system/Common.php(1097): CodeIgniter\View\View->render('video2', Array, true)
#4 /var/www/photolib/app/Controllers/Home.php(171): view('video2')
#5 /var/www/photolib/system/CodeIgniter.php(824): App\Controllers\Home->test()
#6 /var/www/photolib/system/CodeIgniter.php(410): CodeIgniter\CodeIgniter->runController(Object(App\Controllers\Home))
#7 /var/www/photolib/system/CodeIgniter.php(318): CodeIgniter\CodeIgniter->handleRequest(NULL, Object(Config\Cache), false)
#8 /var/www/photolib/public/index.php(37): CodeIgniter\CodeIgniter->run()
#9 {main}
CRITICAL - 2021-12-31 06:13:10 --> Object of class stdClass could not be converted to string
#0 /var/www/photolib/app/Views/video2.php(15): CodeIgniter\Debug\Exceptions->errorHandler(4096, 'Object of class...', '/var/www/photol...', 15, Array)
#1 /var/www/photolib/system/View/View.php(214): include('/var/www/photol...')
#2 /var/www/photolib/system/View/View.php(217): CodeIgniter\View\View->CodeIgniter\View\{closure}()
#3 /var/www/photolib/system/Common.php(1097): CodeIgniter\View\View->render('video2', Array, true)
#4 /var/www/photolib/app/Controllers/Home.php(171): view('video2')
#5 /var/www/photolib/system/CodeIgniter.php(824): App\Controllers\Home->test()
#6 /var/www/photolib/system/CodeIgniter.php(410): CodeIgniter\CodeIgniter->runController(Object(App\Controllers\Home))
#7 /var/www/photolib/system/CodeIgniter.php(318): CodeIgniter\CodeIgniter->handleRequest(NULL, Object(Config\Cache), false)
#8 /var/www/photolib/public/index.php(37): CodeIgniter\CodeIgniter->run()
#9 {main}
CRITICAL - 2021-12-31 06:14:14 --> Cannot use object of type stdClass as array
#0 /var/www/photolib/system/View/View.php(214): include()
#1 /var/www/photolib/system/View/View.php(217): CodeIgniter\View\View->CodeIgniter\View\{closure}()
#2 /var/www/photolib/system/Common.php(1097): CodeIgniter\View\View->render('video2', Array, true)
#3 /var/www/photolib/app/Controllers/Home.php(171): view('video2')
#4 /var/www/photolib/system/CodeIgniter.php(824): App\Controllers\Home->test()
#5 /var/www/photolib/system/CodeIgniter.php(410): CodeIgniter\CodeIgniter->runController(Object(App\Controllers\Home))
#6 /var/www/photolib/system/CodeIgniter.php(318): CodeIgniter\CodeIgniter->handleRequest(NULL, Object(Config\Cache), false)
#7 /var/www/photolib/public/index.php(37): CodeIgniter\CodeIgniter->run()
#8 {main}
CRITICAL - 2021-12-31 06:15:05 --> Cannot use object of type stdClass as array
#0 /var/www/photolib/system/View/View.php(214): include()
#1 /var/www/photolib/system/View/View.php(217): CodeIgniter\View\View->CodeIgniter\View\{closure}()
#2 /var/www/photolib/system/Common.php(1097): CodeIgniter\View\View->render('video2', Array, true)
#3 /var/www/photolib/app/Controllers/Home.php(171): view('video2')
#4 /var/www/photolib/system/CodeIgniter.php(824): App\Controllers\Home->test()
#5 /var/www/photolib/system/CodeIgniter.php(410): CodeIgniter\CodeIgniter->runController(Object(App\Controllers\Home))
#6 /var/www/photolib/system/CodeIgniter.php(318): CodeIgniter\CodeIgniter->handleRequest(NULL, Object(Config\Cache), false)
#7 /var/www/photolib/public/index.php(37): CodeIgniter\CodeIgniter->run()
#8 {main}
CRITICAL - 2021-12-31 06:16:39 --> Cannot use object of type stdClass as array
#0 /var/www/photolib/system/View/View.php(214): include()
#1 /var/www/photolib/system/View/View.php(217): CodeIgniter\View\View->CodeIgniter\View\{closure}()
#2 /var/www/photolib/system/Common.php(1097): CodeIgniter\View\View->render('video2', Array, true)
#3 /var/www/photolib/app/Controllers/Home.php(171): view('video2')
#4 /var/www/photolib/system/CodeIgniter.php(824): App\Controllers\Home->test()
#5 /var/www/photolib/system/CodeIgniter.php(410): CodeIgniter\CodeIgniter->runController(Object(App\Controllers\Home))
#6 /var/www/photolib/system/CodeIgniter.php(318): CodeIgniter\CodeIgniter->handleRequest(NULL, Object(Config\Cache), false)
#7 /var/www/photolib/public/index.php(37): CodeIgniter\CodeIgniter->run()
#8 {main}
CRITICAL - 2021-12-31 06:28:27 --> Trying to get property 'pages_vues' of non-object
#0 /var/www/photolib/app/Models/Counter.php(32): CodeIgniter\Debug\Exceptions->errorHandler(8, 'Trying to get p...', '/var/www/photol...', 32, Array)
#1 /var/www/photolib/app/Controllers/Home.php(163): App\Models\Counter->getViews('172.225.160.241')
#2 /var/www/photolib/system/CodeIgniter.php(824): App\Controllers\Home->test()
#3 /var/www/photolib/system/CodeIgniter.php(410): CodeIgniter\CodeIgniter->runController(Object(App\Controllers\Home))
#4 /var/www/photolib/system/CodeIgniter.php(318): CodeIgniter\CodeIgniter->handleRequest(NULL, Object(Config\Cache), false)
#5 /var/www/photolib/public/index.php(37): CodeIgniter\CodeIgniter->run()
#6 {main}
CRITICAL - 2021-12-31 06:29:53 --> Trying to get property 'pages_vues' of non-object
#0 /var/www/photolib/app/Models/Counter.php(32): CodeIgniter\Debug\Exceptions->errorHandler(8, 'Trying to get p...', '/var/www/photol...', 32, Array)
#1 /var/www/photolib/app/Controllers/Home.php(163): App\Models\Counter->getViews('172.225.160.241')
#2 /var/www/photolib/system/CodeIgniter.php(824): App\Controllers\Home->test()
#3 /var/www/photolib/system/CodeIgniter.php(410): CodeIgniter\CodeIgniter->runController(Object(App\Controllers\Home))
#4 /var/www/photolib/system/CodeIgniter.php(318): CodeIgniter\CodeIgniter->handleRequest(NULL, Object(Config\Cache), false)
#5 /var/www/photolib/public/index.php(37): CodeIgniter\CodeIgniter->run()
#6 {main}
CRITICAL - 2021-12-31 06:30:51 --> Call to undefined method App\Models\Counter::insertCounter
#0 /var/www/photolib/app/Views/template/counter.php(9): CodeIgniter\Model->__call('insertCounter', Array)
#1 /var/www/photolib/app/Views/template/header.php(2): include('/var/www/photol...')
#2 /var/www/photolib/system/View/View.php(214): include('/var/www/photol...')
#3 /var/www/photolib/system/View/View.php(217): CodeIgniter\View\View->CodeIgniter\View\{closure}()
#4 /var/www/photolib/system/Common.php(1097): CodeIgniter\View\View->render('template/header', Array, true)
#5 /var/www/photolib/app/Controllers/Home.php(170): view('template/header', Array)
#6 /var/www/photolib/system/CodeIgniter.php(824): App\Controllers\Home->test()
#7 /var/www/photolib/system/CodeIgniter.php(410): CodeIgniter\CodeIgniter->runController(Object(App\Controllers\Home))
#8 /var/www/photolib/system/CodeIgniter.php(318): CodeIgniter\CodeIgniter->handleRequest(NULL, Object(Config\Cache), false)
#9 /var/www/photolib/public/index.php(37): CodeIgniter\CodeIgniter->run()
#10 {main}
CRITICAL - 2021-12-31 06:33:01 --> Call to undefined method App\Models\Counter::insertCounter
#0 /var/www/photolib/app/Views/template/counter.php(9): CodeIgniter\Model->__call('insertCounter', Array)
#1 /var/www/photolib/app/Views/template/header.php(2): include('/var/www/photol...')
#2 /var/www/photolib/system/View/View.php(214): include('/var/www/photol...')
#3 /var/www/photolib/system/View/View.php(217): CodeIgniter\View\View->CodeIgniter\View\{closure}()
#4 /var/www/photolib/system/Common.php(1097): CodeIgniter\View\View->render('template/header', Array, true)
#5 /var/www/photolib/app/Controllers/Home.php(170): view('template/header', Array)
#6 /var/www/photolib/system/CodeIgniter.php(824): App\Controllers\Home->test()
#7 /var/www/photolib/system/CodeIgniter.php(410): CodeIgniter\CodeIgniter->runController(Object(App\Controllers\Home))
#8 /var/www/photolib/system/CodeIgniter.php(318): CodeIgniter\CodeIgniter->handleRequest(NULL, Object(Config\Cache), false)
#9 /var/www/photolib/public/index.php(37): CodeIgniter\CodeIgniter->run()
#10 {main}
CRITICAL - 2021-12-31 06:34:02 --> Call to undefined method App\Models\Counter::insertCounter
#0 /var/www/photolib/app/Views/template/counter.php(9): CodeIgniter\Model->__call('insertCounter', Array)
#1 /var/www/photolib/app/Views/template/header.php(2): include('/var/www/photol...')
#2 /var/www/photolib/system/View/View.php(214): include('/var/www/photol...')
#3 /var/www/photolib/system/View/View.php(217): CodeIgniter\View\View->CodeIgniter\View\{closure}()
#4 /var/www/photolib/system/Common.php(1097): CodeIgniter\View\View->render('template/header', Array, true)
#5 /var/www/photolib/app/Controllers/Home.php(170): view('template/header', Array)
#6 /var/www/photolib/system/CodeIgniter.php(824): App\Controllers\Home->test()
#7 /var/www/photolib/system/CodeIgniter.php(410): CodeIgniter\CodeIgniter->runController(Object(App\Controllers\Home))
#8 /var/www/photolib/system/CodeIgniter.php(318): CodeIgniter\CodeIgniter->handleRequest(NULL, Object(Config\Cache), false)
#9 /var/www/photolib/public/index.php(37): CodeIgniter\CodeIgniter->run()
#10 {main}
CRITICAL - 2021-12-31 06:43:08 --> Undefined index: REMOTE_HOST
#0 /var/www/photolib/app/Views/template/counter.php(36): CodeIgniter\Debug\Exceptions->errorHandler(8, 'Undefined index...', '/var/www/photol...', 36, Array)
#1 /var/www/photolib/app/Views/template/counter.php(25): getData()
#2 /var/www/photolib/app/Views/template/header.php(2): include('/var/www/photol...')
#3 /var/www/photolib/system/View/View.php(214): include('/var/www/photol...')
#4 /var/www/photolib/system/View/View.php(217): CodeIgniter\View\View->CodeIgniter\View\{closure}()
#5 /var/www/photolib/system/Common.php(1097): CodeIgniter\View\View->render('template/header', Array, true)
#6 /var/www/photolib/app/Controllers/Home.php(16): view('template/header', Array)
#7 /var/www/photolib/system/CodeIgniter.php(824): App\Controllers\Home->index()
#8 /var/www/photolib/system/CodeIgniter.php(410): CodeIgniter\CodeIgniter->runController(Object(App\Controllers\Home))
#9 /var/www/photolib/system/CodeIgniter.php(318): CodeIgniter\CodeIgniter->handleRequest(NULL, Object(Config\Cache), false)
#10 /var/www/photolib/public/index.php(37): CodeIgniter\CodeIgniter->run()
#11 {main}
CRITICAL - 2021-12-31 07:33:13 --> Call to undefined method App\Models\Counter::insertCounter
#0 /var/www/photolib/app/Views/test.php(14): CodeIgniter\Model->__call('insertCounter', Array)
#1 /var/www/photolib/system/View/View.php(214): include('/var/www/photol...')
#2 /var/www/photolib/system/View/View.php(217): CodeIgniter\View\View->CodeIgniter\View\{closure}()
#3 /var/www/photolib/system/Common.php(1097): CodeIgniter\View\View->render('test', Array, true)
#4 /var/www/photolib/app/Controllers/Home.php(171): view('test')
#5 /var/www/photolib/system/CodeIgniter.php(824): App\Controllers\Home->test()
#6 /var/www/photolib/system/CodeIgniter.php(410): CodeIgniter\CodeIgniter->runController(Object(App\Controllers\Home))
#7 /var/www/photolib/system/CodeIgniter.php(318): CodeIgniter\CodeIgniter->handleRequest(NULL, Object(Config\Cache), false)
#8 /var/www/photolib/public/index.php(37): CodeIgniter\CodeIgniter->run()
#9 {main}
CRITICAL - 2021-12-31 07:33:44 --> Call to undefined method App\Models\Counter::insertCounter
#0 /var/www/photolib/app/Views/test.php(14): CodeIgniter\Model->__call('insertCounter', Array)
#1 /var/www/photolib/system/View/View.php(214): include('/var/www/photol...')
#2 /var/www/photolib/system/View/View.php(217): CodeIgniter\View\View->CodeIgniter\View\{closure}()
#3 /var/www/photolib/system/Common.php(1097): CodeIgniter\View\View->render('test', Array, true)
#4 /var/www/photolib/app/Controllers/Home.php(171): view('test')
#5 /var/www/photolib/system/CodeIgniter.php(824): App\Controllers\Home->test()
#6 /var/www/photolib/system/CodeIgniter.php(410): CodeIgniter\CodeIgniter->runController(Object(App\Controllers\Home))
#7 /var/www/photolib/system/CodeIgniter.php(318): CodeIgniter\CodeIgniter->handleRequest(NULL, Object(Config\Cache), false)
#8 /var/www/photolib/public/index.php(37): CodeIgniter\CodeIgniter->run()
#9 {main}
CRITICAL - 2021-12-31 07:38:46 --> Undefined variable: title
#0 /var/www/photolib/app/Views/template/header.php(13): CodeIgniter\Debug\Exceptions->errorHandler(8, 'Undefined varia...', '/var/www/photol...', 13, Array)
#1 /var/www/photolib/system/View/View.php(214): include('/var/www/photol...')
#2 /var/www/photolib/system/View/View.php(217): CodeIgniter\View\View->CodeIgniter\View\{closure}()
#3 /var/www/photolib/system/Common.php(1097): CodeIgniter\View\View->render('template/header', Array, true)
#4 /var/www/photolib/app/Controllers/Home.php(179): view('template/header', Array)
#5 /var/www/photolib/system/CodeIgniter.php(824): App\Controllers\Home->test()
#6 /var/www/photolib/system/CodeIgniter.php(410): CodeIgniter\CodeIgniter->runController(Object(App\Controllers\Home))
#7 /var/www/photolib/system/CodeIgniter.php(318): CodeIgniter\CodeIgniter->handleRequest(NULL, Object(Config\Cache), false)
#8 /var/www/photolib/public/index.php(37): CodeIgniter\CodeIgniter->run()
#9 {main}
CRITICAL - 2021-12-31 07:44:04 --> Call to undefined method App\Models\Counter::insertCounter
#0 /var/www/photolib/app/Controllers/Home.php(167): CodeIgniter\Model->__call('insertCounter', Array)
#1 /var/www/photolib/system/CodeIgniter.php(824): App\Controllers\Home->test()
#2 /var/www/photolib/system/CodeIgniter.php(410): CodeIgniter\CodeIgniter->runController(Object(App\Controllers\Home))
#3 /var/www/photolib/system/CodeIgniter.php(318): CodeIgniter\CodeIgniter->handleRequest(NULL, Object(Config\Cache), false)
#4 /var/www/photolib/public/index.php(37): CodeIgniter\CodeIgniter->run()
#5 {main}
CRITICAL - 2021-12-31 07:44:41 --> Too few arguments to function App\Models\Counter::getViews(), 0 passed in /var/www/photolib/app/Controllers/Home.php on line 169 and exactly 1 expected
#0 /var/www/photolib/app/Controllers/Home.php(169): App\Models\Counter->getViews()
#1 /var/www/photolib/system/CodeIgniter.php(824): App\Controllers\Home->test()
#2 /var/www/photolib/system/CodeIgniter.php(410): CodeIgniter\CodeIgniter->runController(Object(App\Controllers\Home))
#3 /var/www/photolib/system/CodeIgniter.php(318): CodeIgniter\CodeIgniter->handleRequest(NULL, Object(Config\Cache), false)
#4 /var/www/photolib/public/index.php(37): CodeIgniter\CodeIgniter->run()
#5 {main}
CRITICAL - 2021-12-31 07:51:55 --> Cannot redeclare getVisitCount() (previously declared in /var/www/photolib/app/Views/template/counter.php:61)
#0 [internal function]: CodeIgniter\Debug\Exceptions->shutdownHandler()
#1 {main}
CRITICAL - 2021-12-31 08:13:13 --> Undefined variable: boolIp
#0 /var/www/photolib/app/Controllers/Home.php(186): CodeIgniter\Debug\Exceptions->errorHandler(8, 'Undefined varia...', '/var/www/photol...', 186, Array)
#1 /var/www/photolib/app/Controllers/Home.php(11): App\Controllers\Home->test()
#2 /var/www/photolib/system/CodeIgniter.php(824): App\Controllers\Home->index()
#3 /var/www/photolib/system/CodeIgniter.php(410): CodeIgniter\CodeIgniter->runController(Object(App\Controllers\Home))
#4 /var/www/photolib/system/CodeIgniter.php(318): CodeIgniter\CodeIgniter->handleRequest(NULL, Object(Config\Cache), false)
#5 /var/www/photolib/public/index.php(37): CodeIgniter\CodeIgniter->run()
#6 {main}
CRITICAL - 2021-12-31 08:17:40 --> Undefined variable: boolIp
#0 /var/www/photolib/app/Controllers/Home.php(186): CodeIgniter\Debug\Exceptions->errorHandler(8, 'Undefined varia...', '/var/www/photol...', 186, Array)
#1 /var/www/photolib/app/Controllers/Home.php(11): App\Controllers\Home->test()
#2 /var/www/photolib/system/CodeIgniter.php(824): App\Controllers\Home->index()
#3 /var/www/photolib/system/CodeIgniter.php(410): CodeIgniter\CodeIgniter->runController(Object(App\Controllers\Home))
#4 /var/www/photolib/system/CodeIgniter.php(318): CodeIgniter\CodeIgniter->handleRequest(NULL, Object(Config\Cache), false)
#5 /var/www/photolib/public/index.php(37): CodeIgniter\CodeIgniter->run()
#6 {main}
CRITICAL - 2021-12-31 08:56:39 --> Undefined variable: boolIp
#0 /var/www/photolib/app/Controllers/Home.php(186): CodeIgniter\Debug\Exceptions->errorHandler(8, 'Undefined varia...', '/var/www/photol...', 186, Array)
#1 /var/www/photolib/app/Controllers/Home.php(66): App\Controllers\Home->test()
#2 /var/www/photolib/system/CodeIgniter.php(824): App\Controllers\Home->video3()
#3 /var/www/photolib/system/CodeIgniter.php(410): CodeIgniter\CodeIgniter->runController(Object(App\Controllers\Home))
#4 /var/www/photolib/system/CodeIgniter.php(318): CodeIgniter\CodeIgniter->handleRequest(NULL, Object(Config\Cache), false)
#5 /var/www/photolib/public/index.php(37): CodeIgniter\CodeIgniter->run()
#6 {main}
CRITICAL - 2021-12-31 09:52:16 --> Undefined variable: boolIp
#0 /var/www/photolib/app/Controllers/Home.php(186): CodeIgniter\Debug\Exceptions->errorHandler(8, 'Undefined varia...', '/var/www/photol...', 186, Array)
#1 /var/www/photolib/app/Controllers/Home.php(24): App\Controllers\Home->test()
#2 /var/www/photolib/system/CodeIgniter.php(824): App\Controllers\Home->galery()
#3 /var/www/photolib/system/CodeIgniter.php(410): CodeIgniter\CodeIgniter->runController(Object(App\Controllers\Home))
#4 /var/www/photolib/system/CodeIgniter.php(318): CodeIgniter\CodeIgniter->handleRequest(NULL, Object(Config\Cache), false)
#5 /var/www/photolib/public/index.php(37): CodeIgniter\CodeIgniter->run()
#6 {main}
CRITICAL - 2021-12-31 18:25:10 --> Too few arguments to function App\Models\Counter::incrementViews(), 2 passed in /var/www/photolib/app/Controllers/Home.php on line 198 and exactly 3 expected
#0 /var/www/photolib/app/Controllers/Home.php(198): App\Models\Counter->incrementViews('109.169.66.121', 7)
#1 /var/www/photolib/app/Controllers/Home.php(13): App\Controllers\Home->metrics()
#2 /var/www/photolib/system/CodeIgniter.php(824): App\Controllers\Home->index()
#3 /var/www/photolib/system/CodeIgniter.php(410): CodeIgniter\CodeIgniter->runController(Object(App\Controllers\Home))
#4 /var/www/photolib/system/CodeIgniter.php(318): CodeIgniter\CodeIgniter->handleRequest(NULL, Object(Config\Cache), false)
#5 /var/www/photolib/public/index.php(37): CodeIgniter\CodeIgniter->run()
#6 {main}
CRITICAL - 2021-12-31 21:49:44 --> Call to undefined function App\Controllers\value()
#0 /var/www/photolib/app/Controllers/Home.php(13): App\Controllers\Home->metrics()
#1 /var/www/photolib/system/CodeIgniter.php(824): App\Controllers\Home->index()
#2 /var/www/photolib/system/CodeIgniter.php(410): CodeIgniter\CodeIgniter->runController(Object(App\Controllers\Home))
#3 /var/www/photolib/system/CodeIgniter.php(318): CodeIgniter\CodeIgniter->handleRequest(NULL, Object(Config\Cache), false)
#4 /var/www/photolib/public/index.php(37): CodeIgniter\CodeIgniter->run()
#5 {main}
