CRITICAL - 2021-12-30 05:06:13 --> syntax error, unexpected '}', expecting end of file
#0 /var/www/photolib/system/Autoloader/Autoloader.php(241): CodeIgniter\Autoloader\Autoloader->includeFile('/var/www/photol...')
#1 /var/www/photolib/system/Autoloader/Autoloader.php(219): CodeIgniter\Autoloader\Autoloader->loadInNamespace('App\\Controllers...')
#2 [internal function]: CodeIgniter\Autoloader\Autoloader->loadClass('App\\Controllers...')
#3 [internal function]: spl_autoload_call('App\\Controllers...')
#4 /var/www/photolib/system/CodeIgniter.php(789): class_exists('\\App\\Controller...', true)
#5 /var/www/photolib/system/CodeIgniter.php(397): CodeIgniter\CodeIgniter->startController()
#6 /var/www/photolib/system/CodeIgniter.php(318): CodeIgniter\CodeIgniter->handleRequest(NULL, Object(Config\Cache), false)
#7 /var/www/photolib/public/index.php(37): CodeIgniter\CodeIgniter->run()
#8 {main}
CRITICAL - 2021-12-30 05:39:07 --> Could not move file phpfj6WR3 to /var/www/photolib/public/assets/img/thumbs/ ()
#0 /var/www/photolib/system/HTTP/Files/UploadedFile.php(149): CodeIgniter\HTTP\Exceptions\HTTPException::forMoveFailed('phpfj6WR3', '/var/www/photol...', '')
#1 /var/www/photolib/app/Controllers/Home.php(105): CodeIgniter\HTTP\Files\UploadedFile->move('/var/www/photol...')
#2 /var/www/photolib/system/CodeIgniter.php(824): App\Controllers\Home->upload1()
#3 /var/www/photolib/system/CodeIgniter.php(410): CodeIgniter\CodeIgniter->runController(Object(App\Controllers\Home))
#4 /var/www/photolib/system/CodeIgniter.php(318): CodeIgniter\CodeIgniter->handleRequest(NULL, Object(Config\Cache), false)
#5 /var/www/photolib/public/index.php(37): CodeIgniter\CodeIgniter->run()
#6 {main}
CRITICAL - 2021-12-30 06:04:01 --> Could not move file phpIXZokR to /var/www/photolib/public/assets/img/thumbs/ ()
#0 /var/www/photolib/system/HTTP/Files/UploadedFile.php(149): CodeIgniter\HTTP\Exceptions\HTTPException::forMoveFailed('phpIXZokR', '/var/www/photol...', '')
#1 /var/www/photolib/app/Controllers/Home.php(105): CodeIgniter\HTTP\Files\UploadedFile->move('/var/www/photol...')
#2 /var/www/photolib/system/CodeIgniter.php(824): App\Controllers\Home->upload1()
#3 /var/www/photolib/system/CodeIgniter.php(410): CodeIgniter\CodeIgniter->runController(Object(App\Controllers\Home))
#4 /var/www/photolib/system/CodeIgniter.php(318): CodeIgniter\CodeIgniter->handleRequest(NULL, Object(Config\Cache), false)
#5 /var/www/photolib/public/index.php(37): CodeIgniter\CodeIgniter->run()
#6 {main}
CRITICAL - 2021-12-30 06:20:48 --> mkdir(): Permission denied
#0 [internal function]: CodeIgniter\Debug\Exceptions->errorHandler(2, 'mkdir(): Permis...', '/var/www/photol...', 171, Array)
#1 /var/www/photolib/system/HTTP/Files/UploadedFile.php(171): mkdir('../../public/as...', 511, true)
#2 /var/www/photolib/system/HTTP/Files/UploadedFile.php(130): CodeIgniter\HTTP\Files\UploadedFile->setPath('../../public/as...')
#3 /var/www/photolib/app/Controllers/Home.php(102): CodeIgniter\HTTP\Files\UploadedFile->move('../../public/as...')
#4 /var/www/photolib/system/CodeIgniter.php(824): App\Controllers\Home->upload1()
#5 /var/www/photolib/system/CodeIgniter.php(410): CodeIgniter\CodeIgniter->runController(Object(App\Controllers\Home))
#6 /var/www/photolib/system/CodeIgniter.php(318): CodeIgniter\CodeIgniter->handleRequest(NULL, Object(Config\Cache), false)
#7 /var/www/photolib/public/index.php(37): CodeIgniter\CodeIgniter->run()
#8 {main}
CRITICAL - 2021-12-30 06:28:24 --> syntax error, unexpected end of file
#0 /var/www/photolib/system/View/View.php(217): CodeIgniter\View\View->CodeIgniter\View\{closure}()
#1 /var/www/photolib/system/Common.php(1097): CodeIgniter\View\View->render('video', Array, true)
#2 /var/www/photolib/app/Controllers/Home.php(39): view('video')
#3 /var/www/photolib/system/CodeIgniter.php(824): App\Controllers\Home->video1()
#4 /var/www/photolib/system/CodeIgniter.php(410): CodeIgniter\CodeIgniter->runController(Object(App\Controllers\Home))
#5 /var/www/photolib/system/CodeIgniter.php(318): CodeIgniter\CodeIgniter->handleRequest(NULL, Object(Config\Cache), false)
#6 /var/www/photolib/public/index.php(37): CodeIgniter\CodeIgniter->run()
#7 {main}
CRITICAL - 2021-12-30 06:28:32 --> syntax error, unexpected end of file
#0 /var/www/photolib/system/View/View.php(217): CodeIgniter\View\View->CodeIgniter\View\{closure}()
#1 /var/www/photolib/system/Common.php(1097): CodeIgniter\View\View->render('video', Array, true)
#2 /var/www/photolib/app/Controllers/Home.php(39): view('video')
#3 /var/www/photolib/system/CodeIgniter.php(824): App\Controllers\Home->video1()
#4 /var/www/photolib/system/CodeIgniter.php(410): CodeIgniter\CodeIgniter->runController(Object(App\Controllers\Home))
#5 /var/www/photolib/system/CodeIgniter.php(318): CodeIgniter\CodeIgniter->handleRequest(NULL, Object(Config\Cache), false)
#6 /var/www/photolib/public/index.php(37): CodeIgniter\CodeIgniter->run()
#7 {main}
CRITICAL - 2021-12-30 07:43:43 --> mkdir(): Permission denied
#0 [internal function]: CodeIgniter\Debug\Exceptions->errorHandler(2, 'mkdir(): Permis...', '/var/www/photol...', 171, Array)
#1 /var/www/photolib/system/HTTP/Files/UploadedFile.php(171): mkdir('/assets/videos/', 511, true)
#2 /var/www/photolib/system/HTTP/Files/UploadedFile.php(130): CodeIgniter\HTTP\Files\UploadedFile->setPath('/assets/videos/')
#3 /var/www/photolib/app/Controllers/Home.php(102): CodeIgniter\HTTP\Files\UploadedFile->move('/assets/videos/')
#4 /var/www/photolib/system/CodeIgniter.php(824): App\Controllers\Home->upload1()
#5 /var/www/photolib/system/CodeIgniter.php(410): CodeIgniter\CodeIgniter->runController(Object(App\Controllers\Home))
#6 /var/www/photolib/system/CodeIgniter.php(318): CodeIgniter\CodeIgniter->handleRequest(NULL, Object(Config\Cache), false)
#7 /var/www/photolib/public/index.php(37): CodeIgniter\CodeIgniter->run()
#8 {main}
CRITICAL - 2021-12-30 07:46:22 --> fopen(http://pictures.sytes.net/assets/videos/index.html): failed to open stream: HTTP wrapper does not support writeable connections
#0 [internal function]: CodeIgniter\Debug\Exceptions->errorHandler(2, 'fopen(http://pi...', '/var/www/photol...', 174, Array)
#1 /var/www/photolib/system/HTTP/Files/UploadedFile.php(174): fopen('http://pictures...', 'x+b')
#2 /var/www/photolib/system/HTTP/Files/UploadedFile.php(130): CodeIgniter\HTTP\Files\UploadedFile->setPath('http://pictures...')
#3 /var/www/photolib/app/Controllers/Home.php(102): CodeIgniter\HTTP\Files\UploadedFile->move('http://pictures...')
#4 /var/www/photolib/system/CodeIgniter.php(824): App\Controllers\Home->upload1()
#5 /var/www/photolib/system/CodeIgniter.php(410): CodeIgniter\CodeIgniter->runController(Object(App\Controllers\Home))
#6 /var/www/photolib/system/CodeIgniter.php(318): CodeIgniter\CodeIgniter->handleRequest(NULL, Object(Config\Cache), false)
#7 /var/www/photolib/public/index.php(37): CodeIgniter\CodeIgniter->run()
#8 {main}
CRITICAL - 2021-12-30 07:51:40 --> fopen(http://pictures.sytes.net/assets/videos/index.html): failed to open stream: HTTP wrapper does not support writeable connections
#0 [internal function]: CodeIgniter\Debug\Exceptions->errorHandler(2, 'fopen(http://pi...', '/var/www/photol...', 174, Array)
#1 /var/www/photolib/system/HTTP/Files/UploadedFile.php(174): fopen('http://pictures...', 'x+b')
#2 /var/www/photolib/system/HTTP/Files/UploadedFile.php(130): CodeIgniter\HTTP\Files\UploadedFile->setPath('http://pictures...')
#3 /var/www/photolib/app/Controllers/Home.php(102): CodeIgniter\HTTP\Files\UploadedFile->move('http://pictures...')
#4 /var/www/photolib/system/CodeIgniter.php(824): App\Controllers\Home->upload1()
#5 /var/www/photolib/system/CodeIgniter.php(410): CodeIgniter\CodeIgniter->runController(Object(App\Controllers\Home))
#6 /var/www/photolib/system/CodeIgniter.php(318): CodeIgniter\CodeIgniter->handleRequest(NULL, Object(Config\Cache), false)
#7 /var/www/photolib/public/index.php(37): CodeIgniter\CodeIgniter->run()
#8 {main}
CRITICAL - 2021-12-30 07:55:06 --> mkdir(): Permission denied
#0 [internal function]: CodeIgniter\Debug\Exceptions->errorHandler(2, 'mkdir(): Permis...', '/var/www/photol...', 171, Array)
#1 /var/www/photolib/system/HTTP/Files/UploadedFile.php(171): mkdir('../../../public...', 511, true)
#2 /var/www/photolib/system/HTTP/Files/UploadedFile.php(130): CodeIgniter\HTTP\Files\UploadedFile->setPath('../../../public...')
#3 /var/www/photolib/app/Controllers/Home.php(102): CodeIgniter\HTTP\Files\UploadedFile->move('../../../public...')
#4 /var/www/photolib/system/CodeIgniter.php(824): App\Controllers\Home->upload1()
#5 /var/www/photolib/system/CodeIgniter.php(410): CodeIgniter\CodeIgniter->runController(Object(App\Controllers\Home))
#6 /var/www/photolib/system/CodeIgniter.php(318): CodeIgniter\CodeIgniter->handleRequest(NULL, Object(Config\Cache), false)
#7 /var/www/photolib/public/index.php(37): CodeIgniter\CodeIgniter->run()
#8 {main}
CRITICAL - 2021-12-30 07:59:43 --> mkdir(): Permission denied
#0 [internal function]: CodeIgniter\Debug\Exceptions->errorHandler(2, 'mkdir(): Permis...', '/var/www/photol...', 171, Array)
#1 /var/www/photolib/system/HTTP/Files/UploadedFile.php(171): mkdir('../../public/as...', 511, true)
#2 /var/www/photolib/system/HTTP/Files/UploadedFile.php(130): CodeIgniter\HTTP\Files\UploadedFile->setPath('../../public/as...')
#3 /var/www/photolib/app/Controllers/Home.php(102): CodeIgniter\HTTP\Files\UploadedFile->move('../../public/as...')
#4 /var/www/photolib/system/CodeIgniter.php(824): App\Controllers\Home->upload1()
#5 /var/www/photolib/system/CodeIgniter.php(410): CodeIgniter\CodeIgniter->runController(Object(App\Controllers\Home))
#6 /var/www/photolib/system/CodeIgniter.php(318): CodeIgniter\CodeIgniter->handleRequest(NULL, Object(Config\Cache), false)
#7 /var/www/photolib/public/index.php(37): CodeIgniter\CodeIgniter->run()
#8 {main}
CRITICAL - 2021-12-30 08:02:53 --> Could not move file phpChLAyn to ./assets/img/thumbs/ ()
#0 /var/www/photolib/system/HTTP/Files/UploadedFile.php(149): CodeIgniter\HTTP\Exceptions\HTTPException::forMoveFailed('phpChLAyn', './assets/img/th...', '')
#1 /var/www/photolib/app/Controllers/Home.php(105): CodeIgniter\HTTP\Files\UploadedFile->move('./assets/img/th...')
#2 /var/www/photolib/system/CodeIgniter.php(824): App\Controllers\Home->upload1()
#3 /var/www/photolib/system/CodeIgniter.php(410): CodeIgniter\CodeIgniter->runController(Object(App\Controllers\Home))
#4 /var/www/photolib/system/CodeIgniter.php(318): CodeIgniter\CodeIgniter->handleRequest(NULL, Object(Config\Cache), false)
#5 /var/www/photolib/public/index.php(37): CodeIgniter\CodeIgniter->run()
#6 {main}
CRITICAL - 2021-12-30 08:05:49 --> mkdir(): Permission denied
#0 [internal function]: CodeIgniter\Debug\Exceptions->errorHandler(2, 'mkdir(): Permis...', '/var/www/photol...', 171, Array)
#1 /var/www/photolib/system/HTTP/Files/UploadedFile.php(171): mkdir('/assets/videos/', 511, true)
#2 /var/www/photolib/system/HTTP/Files/UploadedFile.php(130): CodeIgniter\HTTP\Files\UploadedFile->setPath('/assets/videos/')
#3 /var/www/photolib/app/Controllers/Home.php(102): CodeIgniter\HTTP\Files\UploadedFile->move('/assets/videos/')
#4 /var/www/photolib/system/CodeIgniter.php(824): App\Controllers\Home->upload1()
#5 /var/www/photolib/system/CodeIgniter.php(410): CodeIgniter\CodeIgniter->runController(Object(App\Controllers\Home))
#6 /var/www/photolib/system/CodeIgniter.php(318): CodeIgniter\CodeIgniter->handleRequest(NULL, Object(Config\Cache), false)
#7 /var/www/photolib/public/index.php(37): CodeIgniter\CodeIgniter->run()
#8 {main}
CRITICAL - 2021-12-30 08:27:38 --> Argument 1 passed to _get_uri() must be of the type string, null given, called in /var/www/photolib/system/Helpers/url_helper.php on line 87
#0 /var/www/photolib/system/Helpers/url_helper.php(87): _get_uri(NULL, Object(Config\App))
#1 /var/www/photolib/system/Helpers/url_helper.php(106): site_url(NULL, NULL, Object(Config\App))
#2 /var/www/photolib/app/Views/video3.php(9): base_url(NULL)
#3 /var/www/photolib/system/View/View.php(214): include('/var/www/photol...')
#4 /var/www/photolib/system/View/View.php(217): CodeIgniter\View\View->CodeIgniter\View\{closure}()
#5 /var/www/photolib/system/Common.php(1097): CodeIgniter\View\View->render('video3', Array, true)
#6 /var/www/photolib/app/Controllers/Home.php(146): view('video3')
#7 /var/www/photolib/system/CodeIgniter.php(824): App\Controllers\Home->uploaded()
#8 /var/www/photolib/system/CodeIgniter.php(410): CodeIgniter\CodeIgniter->runController(Object(App\Controllers\Home))
#9 /var/www/photolib/system/CodeIgniter.php(318): CodeIgniter\CodeIgniter->handleRequest(NULL, Object(Config\Cache), false)
#10 /var/www/photolib/public/index.php(37): CodeIgniter\CodeIgniter->run()
#11 {main}
CRITICAL - 2021-12-30 08:28:41 --> Argument 1 passed to _get_uri() must be of the type string, null given, called in /var/www/photolib/system/Helpers/url_helper.php on line 87
#0 /var/www/photolib/system/Helpers/url_helper.php(87): _get_uri(NULL, Object(Config\App))
#1 /var/www/photolib/system/Helpers/url_helper.php(106): site_url(NULL, NULL, Object(Config\App))
#2 /var/www/photolib/app/Views/video3.php(9): base_url(NULL)
#3 /var/www/photolib/system/View/View.php(214): include('/var/www/photol...')
#4 /var/www/photolib/system/View/View.php(217): CodeIgniter\View\View->CodeIgniter\View\{closure}()
#5 /var/www/photolib/system/Common.php(1097): CodeIgniter\View\View->render('video3', Array, true)
#6 /var/www/photolib/app/Controllers/Home.php(146): view('video3')
#7 /var/www/photolib/system/CodeIgniter.php(824): App\Controllers\Home->uploaded()
#8 /var/www/photolib/system/CodeIgniter.php(410): CodeIgniter\CodeIgniter->runController(Object(App\Controllers\Home))
#9 /var/www/photolib/system/CodeIgniter.php(318): CodeIgniter\CodeIgniter->handleRequest(NULL, Object(Config\Cache), false)
#10 /var/www/photolib/public/index.php(37): CodeIgniter\CodeIgniter->run()
#11 {main}
CRITICAL - 2021-12-30 08:29:26 --> Invalid argument supplied for foreach()
#0 /var/www/photolib/app/Views/video3.php(6): CodeIgniter\Debug\Exceptions->errorHandler(2, 'Invalid argumen...', '/var/www/photol...', 6, Array)
#1 /var/www/photolib/system/View/View.php(214): include('/var/www/photol...')
#2 /var/www/photolib/system/View/View.php(217): CodeIgniter\View\View->CodeIgniter\View\{closure}()
#3 /var/www/photolib/system/Common.php(1097): CodeIgniter\View\View->render('video3', Array, true)
#4 /var/www/photolib/app/Controllers/Home.php(146): view('video3')
#5 /var/www/photolib/system/CodeIgniter.php(824): App\Controllers\Home->uploaded()
#6 /var/www/photolib/system/CodeIgniter.php(410): CodeIgniter\CodeIgniter->runController(Object(App\Controllers\Home))
#7 /var/www/photolib/system/CodeIgniter.php(318): CodeIgniter\CodeIgniter->handleRequest(NULL, Object(Config\Cache), false)
#8 /var/www/photolib/public/index.php(37): CodeIgniter\CodeIgniter->run()
#9 {main}
CRITICAL - 2021-12-30 08:31:56 --> Invalid argument supplied for foreach()
#0 /var/www/photolib/app/Views/video3.php(7): CodeIgniter\Debug\Exceptions->errorHandler(2, 'Invalid argumen...', '/var/www/photol...', 7, Array)
#1 /var/www/photolib/system/View/View.php(214): include('/var/www/photol...')
#2 /var/www/photolib/system/View/View.php(217): CodeIgniter\View\View->CodeIgniter\View\{closure}()
#3 /var/www/photolib/system/Common.php(1097): CodeIgniter\View\View->render('video3', Array, true)
#4 /var/www/photolib/app/Controllers/Home.php(146): view('video3')
#5 /var/www/photolib/system/CodeIgniter.php(824): App\Controllers\Home->uploaded()
#6 /var/www/photolib/system/CodeIgniter.php(410): CodeIgniter\CodeIgniter->runController(Object(App\Controllers\Home))
#7 /var/www/photolib/system/CodeIgniter.php(318): CodeIgniter\CodeIgniter->handleRequest(NULL, Object(Config\Cache), false)
#8 /var/www/photolib/public/index.php(37): CodeIgniter\CodeIgniter->run()
#9 {main}
CRITICAL - 2021-12-30 08:33:01 --> Invalid argument supplied for foreach()
#0 /var/www/photolib/app/Views/video3.php(7): CodeIgniter\Debug\Exceptions->errorHandler(2, 'Invalid argumen...', '/var/www/photol...', 7, Array)
#1 /var/www/photolib/system/View/View.php(214): include('/var/www/photol...')
#2 /var/www/photolib/system/View/View.php(217): CodeIgniter\View\View->CodeIgniter\View\{closure}()
#3 /var/www/photolib/system/Common.php(1097): CodeIgniter\View\View->render('video3', Array, true)
#4 /var/www/photolib/app/Controllers/Home.php(146): view('video3')
#5 /var/www/photolib/system/CodeIgniter.php(824): App\Controllers\Home->uploaded()
#6 /var/www/photolib/system/CodeIgniter.php(410): CodeIgniter\CodeIgniter->runController(Object(App\Controllers\Home))
#7 /var/www/photolib/system/CodeIgniter.php(318): CodeIgniter\CodeIgniter->handleRequest(NULL, Object(Config\Cache), false)
#8 /var/www/photolib/public/index.php(37): CodeIgniter\CodeIgniter->run()
#9 {main}
CRITICAL - 2021-12-30 08:36:16 --> Argument 1 passed to _get_uri() must be of the type string, null given, called in /var/www/photolib/system/Helpers/url_helper.php on line 87
#0 /var/www/photolib/system/Helpers/url_helper.php(87): _get_uri(NULL, Object(Config\App))
#1 /var/www/photolib/system/Helpers/url_helper.php(106): site_url(NULL, NULL, Object(Config\App))
#2 /var/www/photolib/app/Views/video3.php(9): base_url(NULL)
#3 /var/www/photolib/system/View/View.php(214): include('/var/www/photol...')
#4 /var/www/photolib/system/View/View.php(217): CodeIgniter\View\View->CodeIgniter\View\{closure}()
#5 /var/www/photolib/system/Common.php(1097): CodeIgniter\View\View->render('video3', Array, true)
#6 /var/www/photolib/app/Controllers/Home.php(146): view('video3')
#7 /var/www/photolib/system/CodeIgniter.php(824): App\Controllers\Home->uploaded()
#8 /var/www/photolib/system/CodeIgniter.php(410): CodeIgniter\CodeIgniter->runController(Object(App\Controllers\Home))
#9 /var/www/photolib/system/CodeIgniter.php(318): CodeIgniter\CodeIgniter->handleRequest(NULL, Object(Config\Cache), false)
#10 /var/www/photolib/public/index.php(37): CodeIgniter\CodeIgniter->run()
#11 {main}
CRITICAL - 2021-12-30 08:38:58 --> Argument 1 passed to _get_uri() must be of the type string, null given, called in /var/www/photolib/system/Helpers/url_helper.php on line 87
#0 /var/www/photolib/system/Helpers/url_helper.php(87): _get_uri(NULL, Object(Config\App))
#1 /var/www/photolib/system/Helpers/url_helper.php(106): site_url(NULL, NULL, Object(Config\App))
#2 /var/www/photolib/app/Views/video3.php(10): base_url(NULL)
#3 /var/www/photolib/system/View/View.php(214): include('/var/www/photol...')
#4 /var/www/photolib/system/View/View.php(217): CodeIgniter\View\View->CodeIgniter\View\{closure}()
#5 /var/www/photolib/system/Common.php(1097): CodeIgniter\View\View->render('video3', Array, true)
#6 /var/www/photolib/app/Controllers/Home.php(146): view('video3')
#7 /var/www/photolib/system/CodeIgniter.php(824): App\Controllers\Home->uploaded()
#8 /var/www/photolib/system/CodeIgniter.php(410): CodeIgniter\CodeIgniter->runController(Object(App\Controllers\Home))
#9 /var/www/photolib/system/CodeIgniter.php(318): CodeIgniter\CodeIgniter->handleRequest(NULL, Object(Config\Cache), false)
#10 /var/www/photolib/public/index.php(37): CodeIgniter\CodeIgniter->run()
#11 {main}
CRITICAL - 2021-12-30 08:39:01 --> Argument 1 passed to _get_uri() must be of the type string, null given, called in /var/www/photolib/system/Helpers/url_helper.php on line 87
#0 /var/www/photolib/system/Helpers/url_helper.php(87): _get_uri(NULL, Object(Config\App))
#1 /var/www/photolib/system/Helpers/url_helper.php(106): site_url(NULL, NULL, Object(Config\App))
#2 /var/www/photolib/app/Views/video3.php(10): base_url(NULL)
#3 /var/www/photolib/system/View/View.php(214): include('/var/www/photol...')
#4 /var/www/photolib/system/View/View.php(217): CodeIgniter\View\View->CodeIgniter\View\{closure}()
#5 /var/www/photolib/system/Common.php(1097): CodeIgniter\View\View->render('video3', Array, true)
#6 /var/www/photolib/app/Controllers/Home.php(146): view('video3')
#7 /var/www/photolib/system/CodeIgniter.php(824): App\Controllers\Home->uploaded()
#8 /var/www/photolib/system/CodeIgniter.php(410): CodeIgniter\CodeIgniter->runController(Object(App\Controllers\Home))
#9 /var/www/photolib/system/CodeIgniter.php(318): CodeIgniter\CodeIgniter->handleRequest(NULL, Object(Config\Cache), false)
#10 /var/www/photolib/public/index.php(37): CodeIgniter\CodeIgniter->run()
#11 {main}
CRITICAL - 2021-12-30 13:50:49 --> Undefined variable: bdd
#0 /var/www/photolib/app/Views/video3.php(6): CodeIgniter\Debug\Exceptions->errorHandler(8, 'Undefined varia...', '/var/www/photol...', 6, Array)
#1 /var/www/photolib/system/View/View.php(214): include('/var/www/photol...')
#2 /var/www/photolib/system/View/View.php(217): CodeIgniter\View\View->CodeIgniter\View\{closure}()
#3 /var/www/photolib/system/Common.php(1097): CodeIgniter\View\View->render('video3', Array, true)
#4 /var/www/photolib/app/Controllers/Home.php(49): view('video3')
#5 /var/www/photolib/system/CodeIgniter.php(824): App\Controllers\Home->video2()
#6 /var/www/photolib/system/CodeIgniter.php(410): CodeIgniter\CodeIgniter->runController(Object(App\Controllers\Home))
#7 /var/www/photolib/system/CodeIgniter.php(318): CodeIgniter\CodeIgniter->handleRequest(NULL, Object(Config\Cache), false)
#8 /var/www/photolib/public/index.php(37): CodeIgniter\CodeIgniter->run()
#9 {main}
CRITICAL - 2021-12-30 13:51:46 --> Undefined variable: bdd
#0 /var/www/photolib/app/Views/video3.php(6): CodeIgniter\Debug\Exceptions->errorHandler(8, 'Undefined varia...', '/var/www/photol...', 6, Array)
#1 /var/www/photolib/system/View/View.php(214): include('/var/www/photol...')
#2 /var/www/photolib/system/View/View.php(217): CodeIgniter\View\View->CodeIgniter\View\{closure}()
#3 /var/www/photolib/system/Common.php(1097): CodeIgniter\View\View->render('video3', Array, true)
#4 /var/www/photolib/app/Controllers/Home.php(49): view('video3')
#5 /var/www/photolib/system/CodeIgniter.php(824): App\Controllers\Home->video2()
#6 /var/www/photolib/system/CodeIgniter.php(410): CodeIgniter\CodeIgniter->runController(Object(App\Controllers\Home))
#7 /var/www/photolib/system/CodeIgniter.php(318): CodeIgniter\CodeIgniter->handleRequest(NULL, Object(Config\Cache), false)
#8 /var/www/photolib/public/index.php(37): CodeIgniter\CodeIgniter->run()
#9 {main}
CRITICAL - 2021-12-30 13:52:49 --> Undefined variable: bdd
#0 /var/www/photolib/app/Views/video3.php(6): CodeIgniter\Debug\Exceptions->errorHandler(8, 'Undefined varia...', '/var/www/photol...', 6, Array)
#1 /var/www/photolib/system/View/View.php(214): include('/var/www/photol...')
#2 /var/www/photolib/system/View/View.php(217): CodeIgniter\View\View->CodeIgniter\View\{closure}()
#3 /var/www/photolib/system/Common.php(1097): CodeIgniter\View\View->render('video3', Array, true)
#4 /var/www/photolib/app/Controllers/Home.php(49): view('video3')
#5 /var/www/photolib/system/CodeIgniter.php(824): App\Controllers\Home->video2()
#6 /var/www/photolib/system/CodeIgniter.php(410): CodeIgniter\CodeIgniter->runController(Object(App\Controllers\Home))
#7 /var/www/photolib/system/CodeIgniter.php(318): CodeIgniter\CodeIgniter->handleRequest(NULL, Object(Config\Cache), false)
#8 /var/www/photolib/public/index.php(37): CodeIgniter\CodeIgniter->run()
#9 {main}
CRITICAL - 2021-12-30 13:52:58 --> Undefined variable: bdd
#0 /var/www/photolib/app/Views/video3.php(6): CodeIgniter\Debug\Exceptions->errorHandler(8, 'Undefined varia...', '/var/www/photol...', 6, Array)
#1 /var/www/photolib/system/View/View.php(214): include('/var/www/photol...')
#2 /var/www/photolib/system/View/View.php(217): CodeIgniter\View\View->CodeIgniter\View\{closure}()
#3 /var/www/photolib/system/Common.php(1097): CodeIgniter\View\View->render('video3', Array, true)
#4 /var/www/photolib/app/Controllers/Home.php(49): view('video3')
#5 /var/www/photolib/system/CodeIgniter.php(824): App\Controllers\Home->video2()
#6 /var/www/photolib/system/CodeIgniter.php(410): CodeIgniter\CodeIgniter->runController(Object(App\Controllers\Home))
#7 /var/www/photolib/system/CodeIgniter.php(318): CodeIgniter\CodeIgniter->handleRequest(NULL, Object(Config\Cache), false)
#8 /var/www/photolib/public/index.php(37): CodeIgniter\CodeIgniter->run()
#9 {main}
CRITICAL - 2021-12-30 17:39:04 --> include(../../Helpers/counter.php): failed to open stream: No such file or directory
#0 /var/www/photolib/app/Views/template/header.php(2): CodeIgniter\Debug\Exceptions->errorHandler(2, 'include(../../H...', '/var/www/photol...', 2, Array)
#1 /var/www/photolib/app/Views/template/header.php(2): include()
#2 /var/www/photolib/system/View/View.php(214): include('/var/www/photol...')
#3 /var/www/photolib/system/View/View.php(217): CodeIgniter\View\View->CodeIgniter\View\{closure}()
#4 /var/www/photolib/system/Common.php(1097): CodeIgniter\View\View->render('template/header', Array, true)
#5 /var/www/photolib/app/Controllers/Home.php(14): view('template/header', Array)
#6 /var/www/photolib/system/CodeIgniter.php(824): App\Controllers\Home->index()
#7 /var/www/photolib/system/CodeIgniter.php(410): CodeIgniter\CodeIgniter->runController(Object(App\Controllers\Home))
#8 /var/www/photolib/system/CodeIgniter.php(318): CodeIgniter\CodeIgniter->handleRequest(NULL, Object(Config\Cache), false)
#9 /var/www/photolib/public/index.php(37): CodeIgniter\CodeIgniter->run()
#10 {main}
CRITICAL - 2021-12-30 17:40:15 --> include(./Helpers/counter.php): failed to open stream: No such file or directory
#0 /var/www/photolib/app/Views/template/header.php(2): CodeIgniter\Debug\Exceptions->errorHandler(2, 'include(./Helpe...', '/var/www/photol...', 2, Array)
#1 /var/www/photolib/app/Views/template/header.php(2): include()
#2 /var/www/photolib/system/View/View.php(214): include('/var/www/photol...')
#3 /var/www/photolib/system/View/View.php(217): CodeIgniter\View\View->CodeIgniter\View\{closure}()
#4 /var/www/photolib/system/Common.php(1097): CodeIgniter\View\View->render('template/header', Array, true)
#5 /var/www/photolib/app/Controllers/Home.php(14): view('template/header', Array)
#6 /var/www/photolib/system/CodeIgniter.php(824): App\Controllers\Home->index()
#7 /var/www/photolib/system/CodeIgniter.php(410): CodeIgniter\CodeIgniter->runController(Object(App\Controllers\Home))
#8 /var/www/photolib/system/CodeIgniter.php(318): CodeIgniter\CodeIgniter->handleRequest(NULL, Object(Config\Cache), false)
#9 /var/www/photolib/public/index.php(37): CodeIgniter\CodeIgniter->run()
#10 {main}
CRITICAL - 2021-12-30 17:46:20 --> include(/Helpers/counter.php): failed to open stream: No such file or directory
#0 /var/www/photolib/app/Views/template/header.php(2): CodeIgniter\Debug\Exceptions->errorHandler(2, 'include(/Helper...', '/var/www/photol...', 2, Array)
#1 /var/www/photolib/app/Views/template/header.php(2): include()
#2 /var/www/photolib/system/View/View.php(214): include('/var/www/photol...')
#3 /var/www/photolib/system/View/View.php(217): CodeIgniter\View\View->CodeIgniter\View\{closure}()
#4 /var/www/photolib/system/Common.php(1097): CodeIgniter\View\View->render('template/header', Array, true)
#5 /var/www/photolib/app/Controllers/Home.php(14): view('template/header', Array)
#6 /var/www/photolib/system/CodeIgniter.php(824): App\Controllers\Home->index()
#7 /var/www/photolib/system/CodeIgniter.php(410): CodeIgniter\CodeIgniter->runController(Object(App\Controllers\Home))
#8 /var/www/photolib/system/CodeIgniter.php(318): CodeIgniter\CodeIgniter->handleRequest(NULL, Object(Config\Cache), false)
#9 /var/www/photolib/public/index.php(37): CodeIgniter\CodeIgniter->run()
#10 {main}
CRITICAL - 2021-12-30 17:47:49 --> file_get_contents(visit-count.txt): failed to open stream: No such file or directory
#0 [internal function]: CodeIgniter\Debug\Exceptions->errorHandler(2, 'file_get_conten...', '/var/www/photol...', 20, Array)
#1 /var/www/photolib/app/Views/template/counter.php(20): file_get_contents('visit-count.txt')
#2 /var/www/photolib/app/Views/template/counter.php(5): incrementVisitCount()
#3 /var/www/photolib/app/Views/template/header.php(2): include('/var/www/photol...')
#4 /var/www/photolib/system/View/View.php(214): include('/var/www/photol...')
#5 /var/www/photolib/system/View/View.php(217): CodeIgniter\View\View->CodeIgniter\View\{closure}()
#6 /var/www/photolib/system/Common.php(1097): CodeIgniter\View\View->render('template/header', Array, true)
#7 /var/www/photolib/app/Controllers/Home.php(14): view('template/header', Array)
#8 /var/www/photolib/system/CodeIgniter.php(824): App\Controllers\Home->index()
#9 /var/www/photolib/system/CodeIgniter.php(410): CodeIgniter\CodeIgniter->runController(Object(App\Controllers\Home))
#10 /var/www/photolib/system/CodeIgniter.php(318): CodeIgniter\CodeIgniter->handleRequest(NULL, Object(Config\Cache), false)
#11 /var/www/photolib/public/index.php(37): CodeIgniter\CodeIgniter->run()
#12 {main}
CRITICAL - 2021-12-30 17:51:19 --> A non-numeric value encountered
#0 /var/www/photolib/app/Views/template/counter.php(21): CodeIgniter\Debug\Exceptions->errorHandler(2, 'A non-numeric v...', '/var/www/photol...', 21, Array)
#1 /var/www/photolib/app/Views/template/counter.php(5): incrementVisitCount()
#2 /var/www/photolib/app/Views/template/header.php(2): include('/var/www/photol...')
#3 /var/www/photolib/system/View/View.php(214): include('/var/www/photol...')
#4 /var/www/photolib/system/View/View.php(217): CodeIgniter\View\View->CodeIgniter\View\{closure}()
#5 /var/www/photolib/system/Common.php(1097): CodeIgniter\View\View->render('template/header', Array, true)
#6 /var/www/photolib/app/Controllers/Home.php(14): view('template/header', Array)
#7 /var/www/photolib/system/CodeIgniter.php(824): App\Controllers\Home->index()
#8 /var/www/photolib/system/CodeIgniter.php(410): CodeIgniter\CodeIgniter->runController(Object(App\Controllers\Home))
#9 /var/www/photolib/system/CodeIgniter.php(318): CodeIgniter\CodeIgniter->handleRequest(NULL, Object(Config\Cache), false)
#10 /var/www/photolib/public/index.php(37): CodeIgniter\CodeIgniter->run()
#11 {main}
CRITICAL - 2021-12-30 17:53:22 --> A non-numeric value encountered
#0 /var/www/photolib/app/Views/template/counter.php(21): CodeIgniter\Debug\Exceptions->errorHandler(2, 'A non-numeric v...', '/var/www/photol...', 21, Array)
#1 /var/www/photolib/app/Views/template/counter.php(5): incrementVisitCount()
#2 /var/www/photolib/app/Views/template/header.php(2): include('/var/www/photol...')
#3 /var/www/photolib/system/View/View.php(214): include('/var/www/photol...')
#4 /var/www/photolib/system/View/View.php(217): CodeIgniter\View\View->CodeIgniter\View\{closure}()
#5 /var/www/photolib/system/Common.php(1097): CodeIgniter\View\View->render('template/header', Array, true)
#6 /var/www/photolib/app/Controllers/Home.php(14): view('template/header', Array)
#7 /var/www/photolib/system/CodeIgniter.php(824): App\Controllers\Home->index()
#8 /var/www/photolib/system/CodeIgniter.php(410): CodeIgniter\CodeIgniter->runController(Object(App\Controllers\Home))
#9 /var/www/photolib/system/CodeIgniter.php(318): CodeIgniter\CodeIgniter->handleRequest(NULL, Object(Config\Cache), false)
#10 /var/www/photolib/public/index.php(37): CodeIgniter\CodeIgniter->run()
#11 {main}
CRITICAL - 2021-12-30 17:53:44 --> file_put_contents(visit-count.txt): failed to open stream: Permission denied
#0 [internal function]: CodeIgniter\Debug\Exceptions->errorHandler(2, 'file_put_conten...', '/var/www/photol...', 21, Array)
#1 /var/www/photolib/app/Views/template/counter.php(21): file_put_contents('visit-count.txt', 1)
#2 /var/www/photolib/app/Views/template/counter.php(5): incrementVisitCount()
#3 /var/www/photolib/app/Views/template/header.php(2): include('/var/www/photol...')
#4 /var/www/photolib/system/View/View.php(214): include('/var/www/photol...')
#5 /var/www/photolib/system/View/View.php(217): CodeIgniter\View\View->CodeIgniter\View\{closure}()
#6 /var/www/photolib/system/Common.php(1097): CodeIgniter\View\View->render('template/header', Array, true)
#7 /var/www/photolib/app/Controllers/Home.php(14): view('template/header', Array)
#8 /var/www/photolib/system/CodeIgniter.php(824): App\Controllers\Home->index()
#9 /var/www/photolib/system/CodeIgniter.php(410): CodeIgniter\CodeIgniter->runController(Object(App\Controllers\Home))
#10 /var/www/photolib/system/CodeIgniter.php(318): CodeIgniter\CodeIgniter->handleRequest(NULL, Object(Config\Cache), false)
#11 /var/www/photolib/public/index.php(37): CodeIgniter\CodeIgniter->run()
#12 {main}
CRITICAL - 2021-12-30 17:54:37 --> Undefined variable: title
#0 /var/www/photolib/app/Views/template/header.php(13): CodeIgniter\Debug\Exceptions->errorHandler(8, 'Undefined varia...', '/var/www/photol...', 13, Array)
#1 /var/www/photolib/system/View/View.php(214): include('/var/www/photol...')
#2 /var/www/photolib/system/View/View.php(217): CodeIgniter\View\View->CodeIgniter\View\{closure}()
#3 /var/www/photolib/system/Common.php(1097): CodeIgniter\View\View->render('template/header', Array, true)
#4 /var/www/photolib/app/Controllers/Home.php(14): view('template/header', Array)
#5 /var/www/photolib/system/CodeIgniter.php(824): App\Controllers\Home->index()
#6 /var/www/photolib/system/CodeIgniter.php(410): CodeIgniter\CodeIgniter->runController(Object(App\Controllers\Home))
#7 /var/www/photolib/system/CodeIgniter.php(318): CodeIgniter\CodeIgniter->handleRequest(NULL, Object(Config\Cache), false)
#8 /var/www/photolib/public/index.php(37): CodeIgniter\CodeIgniter->run()
#9 {main}
CRITICAL - 2021-12-30 18:06:37 --> A non-numeric value encountered
#0 /var/www/photolib/app/Views/template/counter.php(21): CodeIgniter\Debug\Exceptions->errorHandler(2, 'A non-numeric v...', '/var/www/photol...', 21, Array)
#1 /var/www/photolib/app/Views/template/counter.php(5): incrementVisitCount()
#2 /var/www/photolib/app/Views/template/header.php(2): include('/var/www/photol...')
#3 /var/www/photolib/system/View/View.php(214): include('/var/www/photol...')
#4 /var/www/photolib/system/View/View.php(217): CodeIgniter\View\View->CodeIgniter\View\{closure}()
#5 /var/www/photolib/system/Common.php(1097): CodeIgniter\View\View->render('template/header', Array, true)
#6 /var/www/photolib/app/Controllers/Home.php(15): view('template/header', Array)
#7 /var/www/photolib/system/CodeIgniter.php(824): App\Controllers\Home->index()
#8 /var/www/photolib/system/CodeIgniter.php(410): CodeIgniter\CodeIgniter->runController(Object(App\Controllers\Home))
#9 /var/www/photolib/system/CodeIgniter.php(318): CodeIgniter\CodeIgniter->handleRequest(NULL, Object(Config\Cache), false)
#10 /var/www/photolib/public/index.php(37): CodeIgniter\CodeIgniter->run()
#11 {main}
CRITICAL - 2021-12-30 18:07:19 --> A non-numeric value encountered
#0 /var/www/photolib/app/Views/template/counter.php(21): CodeIgniter\Debug\Exceptions->errorHandler(2, 'A non-numeric v...', '/var/www/photol...', 21, Array)
#1 /var/www/photolib/app/Views/template/counter.php(5): incrementVisitCount()
#2 /var/www/photolib/app/Views/template/header.php(2): include('/var/www/photol...')
#3 /var/www/photolib/system/View/View.php(214): include('/var/www/photol...')
#4 /var/www/photolib/system/View/View.php(217): CodeIgniter\View\View->CodeIgniter\View\{closure}()
#5 /var/www/photolib/system/Common.php(1097): CodeIgniter\View\View->render('template/header', Array, true)
#6 /var/www/photolib/app/Controllers/Home.php(15): view('template/header', Array)
#7 /var/www/photolib/system/CodeIgniter.php(824): App\Controllers\Home->index()
#8 /var/www/photolib/system/CodeIgniter.php(410): CodeIgniter\CodeIgniter->runController(Object(App\Controllers\Home))
#9 /var/www/photolib/system/CodeIgniter.php(318): CodeIgniter\CodeIgniter->handleRequest(NULL, Object(Config\Cache), false)
#10 /var/www/photolib/public/index.php(37): CodeIgniter\CodeIgniter->run()
#11 {main}
CRITICAL - 2021-12-30 18:34:23 --> Call to a member function prepare() on null
#0 /var/www/photolib/app/Views/template/header.php(3): compter_visite()
#1 /var/www/photolib/system/View/View.php(214): include('/var/www/photol...')
#2 /var/www/photolib/system/View/View.php(217): CodeIgniter\View\View->CodeIgniter\View\{closure}()
#3 /var/www/photolib/system/Common.php(1097): CodeIgniter\View\View->render('template/header', Array, true)
#4 /var/www/photolib/app/Controllers/Home.php(15): view('template/header', Array)
#5 /var/www/photolib/system/CodeIgniter.php(824): App\Controllers\Home->index()
#6 /var/www/photolib/system/CodeIgniter.php(410): CodeIgniter\CodeIgniter->runController(Object(App\Controllers\Home))
#7 /var/www/photolib/system/CodeIgniter.php(318): CodeIgniter\CodeIgniter->handleRequest(NULL, Object(Config\Cache), false)
#8 /var/www/photolib/public/index.php(37): CodeIgniter\CodeIgniter->run()
#9 {main}
