CRITICAL - 2022-01-04 16:58:22 --> Undefined index: pictures-met-id
#0 /var/www/photolib/app/Controllers/Home.php(388): CodeIgniter\Debug\Exceptions->errorHandler(8, 'Undefined index...', '/var/www/photol...', 388, Array)
#1 /var/www/photolib/app/Controllers/Home.php(320): App\Controllers\Home->metrics2()
#2 /var/www/photolib/system/CodeIgniter.php(824): App\Controllers\Home->other()
#3 /var/www/photolib/system/CodeIgniter.php(410): CodeIgniter\CodeIgniter->runController(Object(App\Controllers\Home))
#4 /var/www/photolib/system/CodeIgniter.php(318): CodeIgniter\CodeIgniter->handleRequest(NULL, Object(Config\Cache), false)
#5 /var/www/photolib/public/index.php(37): CodeIgniter\CodeIgniter->run()
#6 {main}
CRITICAL - 2022-01-04 18:03:50 --> Undefined index: pictures-met-id
#0 /var/www/photolib/app/Controllers/Home.php(374): CodeIgniter\Debug\Exceptions->errorHandler(8, 'Undefined index...', '/var/www/photol...', 374, Array)
#1 /var/www/photolib/app/Controllers/Home.php(321): App\Controllers\Home->metrics2()
#2 /var/www/photolib/system/CodeIgniter.php(824): App\Controllers\Home->other()
#3 /var/www/photolib/system/CodeIgniter.php(410): CodeIgniter\CodeIgniter->runController(Object(App\Controllers\Home))
#4 /var/www/photolib/system/CodeIgniter.php(318): CodeIgniter\CodeIgniter->handleRequest(NULL, Object(Config\Cache), false)
#5 /var/www/photolib/public/index.php(37): CodeIgniter\CodeIgniter->run()
#6 {main}
CRITICAL - 2022-01-04 18:04:55 --> Undefined index: pictures-met-id
#0 /var/www/photolib/app/Controllers/Home.php(374): CodeIgniter\Debug\Exceptions->errorHandler(8, 'Undefined index...', '/var/www/photol...', 374, Array)
#1 /var/www/photolib/app/Controllers/Home.php(321): App\Controllers\Home->metrics2()
#2 /var/www/photolib/system/CodeIgniter.php(824): App\Controllers\Home->other()
#3 /var/www/photolib/system/CodeIgniter.php(410): CodeIgniter\CodeIgniter->runController(Object(App\Controllers\Home))
#4 /var/www/photolib/system/CodeIgniter.php(318): CodeIgniter\CodeIgniter->handleRequest(NULL, Object(Config\Cache), false)
#5 /var/www/photolib/public/index.php(37): CodeIgniter\CodeIgniter->run()
#6 {main}
CRITICAL - 2022-01-04 18:17:40 --> Call to undefined method App\Models\Counterbis::getResult
#0 /var/www/photolib/app/Models/Counterbis.php(35): CodeIgniter\Model->__call('getResult', Array)
#1 /var/www/photolib/app/Controllers/Home.php(388): App\Models\Counterbis->doesCookieExists('61d48134dcf75')
#2 /var/www/photolib/app/Controllers/Home.php(321): App\Controllers\Home->metrics2()
#3 /var/www/photolib/system/CodeIgniter.php(824): App\Controllers\Home->other()
#4 /var/www/photolib/system/CodeIgniter.php(410): CodeIgniter\CodeIgniter->runController(Object(App\Controllers\Home))
#5 /var/www/photolib/system/CodeIgniter.php(318): CodeIgniter\CodeIgniter->handleRequest(NULL, Object(Config\Cache), false)
#6 /var/www/photolib/public/index.php(37): CodeIgniter\CodeIgniter->run()
#7 {main}
CRITICAL - 2022-01-04 18:20:45 --> Return value of App\Models\Counterbis::doesCookieExists() must be of the type bool, array returned
#0 /var/www/photolib/app/Controllers/Home.php(388): App\Models\Counterbis->doesCookieExists('61d481eddfb53')
#1 /var/www/photolib/app/Controllers/Home.php(321): App\Controllers\Home->metrics2()
#2 /var/www/photolib/system/CodeIgniter.php(824): App\Controllers\Home->other()
#3 /var/www/photolib/system/CodeIgniter.php(410): CodeIgniter\CodeIgniter->runController(Object(App\Controllers\Home))
#4 /var/www/photolib/system/CodeIgniter.php(318): CodeIgniter\CodeIgniter->handleRequest(NULL, Object(Config\Cache), false)
#5 /var/www/photolib/public/index.php(37): CodeIgniter\CodeIgniter->run()
#6 {main}
CRITICAL - 2022-01-04 18:21:31 --> Return value of App\Models\Counterbis::doesCookieExists() must be of the type bool, array returned
#0 /var/www/photolib/app/Controllers/Home.php(388): App\Models\Counterbis->doesCookieExists('61d4821b3f386')
#1 /var/www/photolib/app/Controllers/Home.php(321): App\Controllers\Home->metrics2()
#2 /var/www/photolib/system/CodeIgniter.php(824): App\Controllers\Home->other()
#3 /var/www/photolib/system/CodeIgniter.php(410): CodeIgniter\CodeIgniter->runController(Object(App\Controllers\Home))
#4 /var/www/photolib/system/CodeIgniter.php(318): CodeIgniter\CodeIgniter->handleRequest(NULL, Object(Config\Cache), false)
#5 /var/www/photolib/public/index.php(37): CodeIgniter\CodeIgniter->run()
#6 {main}
CRITICAL - 2022-01-04 18:34:15 --> Undefined index: pictures-met-id
#0 /var/www/photolib/app/Controllers/Home.php(370): CodeIgniter\Debug\Exceptions->errorHandler(8, 'Undefined index...', '/var/www/photol...', 370, Array)
#1 /var/www/photolib/app/Controllers/Home.php(321): App\Controllers\Home->metrics2()
#2 /var/www/photolib/system/CodeIgniter.php(824): App\Controllers\Home->other()
#3 /var/www/photolib/system/CodeIgniter.php(410): CodeIgniter\CodeIgniter->runController(Object(App\Controllers\Home))
#4 /var/www/photolib/system/CodeIgniter.php(318): CodeIgniter\CodeIgniter->handleRequest(NULL, Object(Config\Cache), false)
#5 /var/www/photolib/public/index.php(37): CodeIgniter\CodeIgniter->run()
#6 {main}
CRITICAL - 2022-01-04 18:37:40 --> Undefined index: pictures-met-id
#0 /var/www/photolib/app/Controllers/Home.php(370): CodeIgniter\Debug\Exceptions->errorHandler(8, 'Undefined index...', '/var/www/photol...', 370, Array)
#1 /var/www/photolib/app/Controllers/Home.php(321): App\Controllers\Home->metrics2()
#2 /var/www/photolib/system/CodeIgniter.php(824): App\Controllers\Home->other()
#3 /var/www/photolib/system/CodeIgniter.php(410): CodeIgniter\CodeIgniter->runController(Object(App\Controllers\Home))
#4 /var/www/photolib/system/CodeIgniter.php(318): CodeIgniter\CodeIgniter->handleRequest(NULL, Object(Config\Cache), false)
#5 /var/www/photolib/public/index.php(37): CodeIgniter\CodeIgniter->run()
#6 {main}
CRITICAL - 2022-01-04 18:39:15 --> Undefined index: pictures-met-id
#0 /var/www/photolib/app/Controllers/Home.php(370): CodeIgniter\Debug\Exceptions->errorHandler(8, 'Undefined index...', '/var/www/photol...', 370, Array)
#1 /var/www/photolib/app/Controllers/Home.php(321): App\Controllers\Home->metrics2()
#2 /var/www/photolib/system/CodeIgniter.php(824): App\Controllers\Home->other()
#3 /var/www/photolib/system/CodeIgniter.php(410): CodeIgniter\CodeIgniter->runController(Object(App\Controllers\Home))
#4 /var/www/photolib/system/CodeIgniter.php(318): CodeIgniter\CodeIgniter->handleRequest(NULL, Object(Config\Cache), false)
#5 /var/www/photolib/public/index.php(37): CodeIgniter\CodeIgniter->run()
#6 {main}
CRITICAL - 2022-01-04 18:40:31 --> Undefined index: pictures_met_id
#0 /var/www/photolib/app/Controllers/Home.php(370): CodeIgniter\Debug\Exceptions->errorHandler(8, 'Undefined index...', '/var/www/photol...', 370, Array)
#1 /var/www/photolib/app/Controllers/Home.php(321): App\Controllers\Home->metrics2()
#2 /var/www/photolib/system/CodeIgniter.php(824): App\Controllers\Home->other()
#3 /var/www/photolib/system/CodeIgniter.php(410): CodeIgniter\CodeIgniter->runController(Object(App\Controllers\Home))
#4 /var/www/photolib/system/CodeIgniter.php(318): CodeIgniter\CodeIgniter->handleRequest(NULL, Object(Config\Cache), false)
#5 /var/www/photolib/public/index.php(37): CodeIgniter\CodeIgniter->run()
#6 {main}
CRITICAL - 2022-01-04 18:41:56 --> Undefined index: pictures_met_id
#0 /var/www/photolib/app/Controllers/Home.php(373): CodeIgniter\Debug\Exceptions->errorHandler(8, 'Undefined index...', '/var/www/photol...', 373, Array)
#1 /var/www/photolib/app/Controllers/Home.php(321): App\Controllers\Home->metrics2()
#2 /var/www/photolib/system/CodeIgniter.php(824): App\Controllers\Home->other()
#3 /var/www/photolib/system/CodeIgniter.php(410): CodeIgniter\CodeIgniter->runController(Object(App\Controllers\Home))
#4 /var/www/photolib/system/CodeIgniter.php(318): CodeIgniter\CodeIgniter->handleRequest(NULL, Object(Config\Cache), false)
#5 /var/www/photolib/public/index.php(37): CodeIgniter\CodeIgniter->run()
#6 {main}
CRITICAL - 2022-01-04 21:41:19 --> Array to string conversion
#0 /var/www/photolib/app/Views/dev/test2.php(5): CodeIgniter\Debug\Exceptions->errorHandler(8, 'Array to string...', '/var/www/photol...', 5, Array)
#1 /var/www/photolib/system/View/View.php(214): include('/var/www/photol...')
#2 /var/www/photolib/system/View/View.php(217): CodeIgniter\View\View->CodeIgniter\View\{closure}()
#3 /var/www/photolib/system/Common.php(1097): CodeIgniter\View\View->render('dev/test2', Array, true)
#4 /var/www/photolib/app/Controllers/Home.php(331): view('dev/test2')
#5 /var/www/photolib/system/CodeIgniter.php(824): App\Controllers\Home->other()
#6 /var/www/photolib/system/CodeIgniter.php(410): CodeIgniter\CodeIgniter->runController(Object(App\Controllers\Home))
#7 /var/www/photolib/system/CodeIgniter.php(318): CodeIgniter\CodeIgniter->handleRequest(NULL, Object(Config\Cache), false)
#8 /var/www/photolib/public/index.php(37): CodeIgniter\CodeIgniter->run()
#9 {main}
CRITICAL - 2022-01-04 21:57:05 --> Undefined index: pictures_met_id
#0 /var/www/photolib/app/Controllers/Home.php(373): CodeIgniter\Debug\Exceptions->errorHandler(8, 'Undefined index...', '/var/www/photol...', 373, Array)
#1 /var/www/photolib/app/Controllers/Home.php(358): App\Controllers\Home->metrics2()
#2 /var/www/photolib/system/CodeIgniter.php(824): App\Controllers\Home->other()
#3 /var/www/photolib/system/CodeIgniter.php(410): CodeIgniter\CodeIgniter->runController(Object(App\Controllers\Home))
#4 /var/www/photolib/system/CodeIgniter.php(318): CodeIgniter\CodeIgniter->handleRequest(NULL, Object(Config\Cache), false)
#5 /var/www/photolib/public/index.php(37): CodeIgniter\CodeIgniter->run()
#6 {main}
CRITICAL - 2022-01-04 21:57:23 --> Undefined index: pictures_met_id
#0 /var/www/photolib/app/Controllers/Home.php(373): CodeIgniter\Debug\Exceptions->errorHandler(8, 'Undefined index...', '/var/www/photol...', 373, Array)
#1 /var/www/photolib/app/Controllers/Home.php(358): App\Controllers\Home->metrics2()
#2 /var/www/photolib/system/CodeIgniter.php(824): App\Controllers\Home->other()
#3 /var/www/photolib/system/CodeIgniter.php(410): CodeIgniter\CodeIgniter->runController(Object(App\Controllers\Home))
#4 /var/www/photolib/system/CodeIgniter.php(318): CodeIgniter\CodeIgniter->handleRequest(NULL, Object(Config\Cache), false)
#5 /var/www/photolib/public/index.php(37): CodeIgniter\CodeIgniter->run()
#6 {main}
CRITICAL - 2022-01-04 21:57:26 --> Undefined index: pictures_met_id
#0 /var/www/photolib/app/Controllers/Home.php(373): CodeIgniter\Debug\Exceptions->errorHandler(8, 'Undefined index...', '/var/www/photol...', 373, Array)
#1 /var/www/photolib/app/Controllers/Home.php(358): App\Controllers\Home->metrics2()
#2 /var/www/photolib/system/CodeIgniter.php(824): App\Controllers\Home->other()
#3 /var/www/photolib/system/CodeIgniter.php(410): CodeIgniter\CodeIgniter->runController(Object(App\Controllers\Home))
#4 /var/www/photolib/system/CodeIgniter.php(318): CodeIgniter\CodeIgniter->handleRequest(NULL, Object(Config\Cache), false)
#5 /var/www/photolib/public/index.php(37): CodeIgniter\CodeIgniter->run()
#6 {main}
CRITICAL - 2022-01-04 21:58:05 --> Undefined index: pictures_met_id
#0 /var/www/photolib/app/Controllers/Home.php(373): CodeIgniter\Debug\Exceptions->errorHandler(8, 'Undefined index...', '/var/www/photol...', 373, Array)
#1 /var/www/photolib/app/Controllers/Home.php(358): App\Controllers\Home->metrics2()
#2 /var/www/photolib/system/CodeIgniter.php(824): App\Controllers\Home->other()
#3 /var/www/photolib/system/CodeIgniter.php(410): CodeIgniter\CodeIgniter->runController(Object(App\Controllers\Home))
#4 /var/www/photolib/system/CodeIgniter.php(318): CodeIgniter\CodeIgniter->handleRequest(NULL, Object(Config\Cache), false)
#5 /var/www/photolib/public/index.php(37): CodeIgniter\CodeIgniter->run()
#6 {main}
CRITICAL - 2022-01-04 21:58:06 --> Undefined index: pictures_met_id
#0 /var/www/photolib/app/Controllers/Home.php(373): CodeIgniter\Debug\Exceptions->errorHandler(8, 'Undefined index...', '/var/www/photol...', 373, Array)
#1 /var/www/photolib/app/Controllers/Home.php(358): App\Controllers\Home->metrics2()
#2 /var/www/photolib/system/CodeIgniter.php(824): App\Controllers\Home->other()
#3 /var/www/photolib/system/CodeIgniter.php(410): CodeIgniter\CodeIgniter->runController(Object(App\Controllers\Home))
#4 /var/www/photolib/system/CodeIgniter.php(318): CodeIgniter\CodeIgniter->handleRequest(NULL, Object(Config\Cache), false)
#5 /var/www/photolib/public/index.php(37): CodeIgniter\CodeIgniter->run()
#6 {main}
CRITICAL - 2022-01-04 21:59:10 --> Undefined index: pictures_met_id
#0 /var/www/photolib/app/Controllers/Home.php(373): CodeIgniter\Debug\Exceptions->errorHandler(8, 'Undefined index...', '/var/www/photol...', 373, Array)
#1 /var/www/photolib/app/Controllers/Home.php(358): App\Controllers\Home->metrics2()
#2 /var/www/photolib/system/CodeIgniter.php(824): App\Controllers\Home->other()
#3 /var/www/photolib/system/CodeIgniter.php(410): CodeIgniter\CodeIgniter->runController(Object(App\Controllers\Home))
#4 /var/www/photolib/system/CodeIgniter.php(318): CodeIgniter\CodeIgniter->handleRequest(NULL, Object(Config\Cache), false)
#5 /var/www/photolib/public/index.php(37): CodeIgniter\CodeIgniter->run()
#6 {main}
CRITICAL - 2022-01-04 21:59:14 --> Undefined index: pictures_met_id
#0 /var/www/photolib/app/Controllers/Home.php(373): CodeIgniter\Debug\Exceptions->errorHandler(8, 'Undefined index...', '/var/www/photol...', 373, Array)
#1 /var/www/photolib/app/Controllers/Home.php(358): App\Controllers\Home->metrics2()
#2 /var/www/photolib/system/CodeIgniter.php(824): App\Controllers\Home->other()
#3 /var/www/photolib/system/CodeIgniter.php(410): CodeIgniter\CodeIgniter->runController(Object(App\Controllers\Home))
#4 /var/www/photolib/system/CodeIgniter.php(318): CodeIgniter\CodeIgniter->handleRequest(NULL, Object(Config\Cache), false)
#5 /var/www/photolib/public/index.php(37): CodeIgniter\CodeIgniter->run()
#6 {main}
CRITICAL - 2022-01-04 21:59:52 --> Undefined index: pictures_met_id
#0 /var/www/photolib/app/Controllers/Home.php(373): CodeIgniter\Debug\Exceptions->errorHandler(8, 'Undefined index...', '/var/www/photol...', 373, Array)
#1 /var/www/photolib/app/Controllers/Home.php(358): App\Controllers\Home->metrics2()
#2 /var/www/photolib/system/CodeIgniter.php(824): App\Controllers\Home->other()
#3 /var/www/photolib/system/CodeIgniter.php(410): CodeIgniter\CodeIgniter->runController(Object(App\Controllers\Home))
#4 /var/www/photolib/system/CodeIgniter.php(318): CodeIgniter\CodeIgniter->handleRequest(NULL, Object(Config\Cache), false)
#5 /var/www/photolib/public/index.php(37): CodeIgniter\CodeIgniter->run()
#6 {main}
CRITICAL - 2022-01-04 22:00:16 --> Undefined index: pictures_met_id
#0 /var/www/photolib/app/Controllers/Home.php(373): CodeIgniter\Debug\Exceptions->errorHandler(8, 'Undefined index...', '/var/www/photol...', 373, Array)
#1 /var/www/photolib/app/Controllers/Home.php(358): App\Controllers\Home->metrics2()
#2 /var/www/photolib/system/CodeIgniter.php(824): App\Controllers\Home->other()
#3 /var/www/photolib/system/CodeIgniter.php(410): CodeIgniter\CodeIgniter->runController(Object(App\Controllers\Home))
#4 /var/www/photolib/system/CodeIgniter.php(318): CodeIgniter\CodeIgniter->handleRequest(NULL, Object(Config\Cache), false)
#5 /var/www/photolib/public/index.php(37): CodeIgniter\CodeIgniter->run()
#6 {main}
CRITICAL - 2022-01-04 22:00:17 --> Undefined index: pictures_met_id
#0 /var/www/photolib/app/Controllers/Home.php(373): CodeIgniter\Debug\Exceptions->errorHandler(8, 'Undefined index...', '/var/www/photol...', 373, Array)
#1 /var/www/photolib/app/Controllers/Home.php(358): App\Controllers\Home->metrics2()
#2 /var/www/photolib/system/CodeIgniter.php(824): App\Controllers\Home->other()
#3 /var/www/photolib/system/CodeIgniter.php(410): CodeIgniter\CodeIgniter->runController(Object(App\Controllers\Home))
#4 /var/www/photolib/system/CodeIgniter.php(318): CodeIgniter\CodeIgniter->handleRequest(NULL, Object(Config\Cache), false)
#5 /var/www/photolib/public/index.php(37): CodeIgniter\CodeIgniter->run()
#6 {main}
CRITICAL - 2022-01-04 22:00:18 --> Undefined index: pictures_met_id
#0 /var/www/photolib/app/Controllers/Home.php(373): CodeIgniter\Debug\Exceptions->errorHandler(8, 'Undefined index...', '/var/www/photol...', 373, Array)
#1 /var/www/photolib/app/Controllers/Home.php(358): App\Controllers\Home->metrics2()
#2 /var/www/photolib/system/CodeIgniter.php(824): App\Controllers\Home->other()
#3 /var/www/photolib/system/CodeIgniter.php(410): CodeIgniter\CodeIgniter->runController(Object(App\Controllers\Home))
#4 /var/www/photolib/system/CodeIgniter.php(318): CodeIgniter\CodeIgniter->handleRequest(NULL, Object(Config\Cache), false)
#5 /var/www/photolib/public/index.php(37): CodeIgniter\CodeIgniter->run()
#6 {main}
CRITICAL - 2022-01-04 22:00:22 --> Undefined index: pictures_met_id
#0 /var/www/photolib/app/Controllers/Home.php(373): CodeIgniter\Debug\Exceptions->errorHandler(8, 'Undefined index...', '/var/www/photol...', 373, Array)
#1 /var/www/photolib/app/Controllers/Home.php(358): App\Controllers\Home->metrics2()
#2 /var/www/photolib/system/CodeIgniter.php(824): App\Controllers\Home->other()
#3 /var/www/photolib/system/CodeIgniter.php(410): CodeIgniter\CodeIgniter->runController(Object(App\Controllers\Home))
#4 /var/www/photolib/system/CodeIgniter.php(318): CodeIgniter\CodeIgniter->handleRequest(NULL, Object(Config\Cache), false)
#5 /var/www/photolib/public/index.php(37): CodeIgniter\CodeIgniter->run()
#6 {main}
CRITICAL - 2022-01-04 22:01:43 --> Undefined index: pictures_met_id
#0 /var/www/photolib/app/Controllers/Home.php(373): CodeIgniter\Debug\Exceptions->errorHandler(8, 'Undefined index...', '/var/www/photol...', 373, Array)
#1 /var/www/photolib/app/Controllers/Home.php(358): App\Controllers\Home->metrics2()
#2 /var/www/photolib/system/CodeIgniter.php(824): App\Controllers\Home->other()
#3 /var/www/photolib/system/CodeIgniter.php(410): CodeIgniter\CodeIgniter->runController(Object(App\Controllers\Home))
#4 /var/www/photolib/system/CodeIgniter.php(318): CodeIgniter\CodeIgniter->handleRequest(NULL, Object(Config\Cache), false)
#5 /var/www/photolib/public/index.php(37): CodeIgniter\CodeIgniter->run()
#6 {main}
CRITICAL - 2022-01-04 22:01:44 --> Undefined index: pictures_met_id
#0 /var/www/photolib/app/Controllers/Home.php(373): CodeIgniter\Debug\Exceptions->errorHandler(8, 'Undefined index...', '/var/www/photol...', 373, Array)
#1 /var/www/photolib/app/Controllers/Home.php(358): App\Controllers\Home->metrics2()
#2 /var/www/photolib/system/CodeIgniter.php(824): App\Controllers\Home->other()
#3 /var/www/photolib/system/CodeIgniter.php(410): CodeIgniter\CodeIgniter->runController(Object(App\Controllers\Home))
#4 /var/www/photolib/system/CodeIgniter.php(318): CodeIgniter\CodeIgniter->handleRequest(NULL, Object(Config\Cache), false)
#5 /var/www/photolib/public/index.php(37): CodeIgniter\CodeIgniter->run()
#6 {main}
CRITICAL - 2022-01-04 22:02:25 --> Undefined variable: ccokie
#0 /var/www/photolib/app/Controllers/Home.php(361): CodeIgniter\Debug\Exceptions->errorHandler(8, 'Undefined varia...', '/var/www/photol...', 361, Array)
#1 /var/www/photolib/system/CodeIgniter.php(824): App\Controllers\Home->other()
#2 /var/www/photolib/system/CodeIgniter.php(410): CodeIgniter\CodeIgniter->runController(Object(App\Controllers\Home))
#3 /var/www/photolib/system/CodeIgniter.php(318): CodeIgniter\CodeIgniter->handleRequest(NULL, Object(Config\Cache), false)
#4 /var/www/photolib/public/index.php(37): CodeIgniter\CodeIgniter->run()
#5 {main}
CRITICAL - 2022-01-04 22:02:54 --> Undefined index: pictures_met_id
#0 /var/www/photolib/app/Views/dev/test_header.php(16): CodeIgniter\Debug\Exceptions->errorHandler(8, 'Undefined index...', '/var/www/photol...', 16, Array)
#1 /var/www/photolib/system/View/View.php(214): include('/var/www/photol...')
#2 /var/www/photolib/system/View/View.php(217): CodeIgniter\View\View->CodeIgniter\View\{closure}()
#3 /var/www/photolib/system/Common.php(1097): CodeIgniter\View\View->render('dev/test_header', Array, true)
#4 /var/www/photolib/app/Controllers/Home.php(366): view('dev/test_header', Array)
#5 /var/www/photolib/system/CodeIgniter.php(824): App\Controllers\Home->other()
#6 /var/www/photolib/system/CodeIgniter.php(410): CodeIgniter\CodeIgniter->runController(Object(App\Controllers\Home))
#7 /var/www/photolib/system/CodeIgniter.php(318): CodeIgniter\CodeIgniter->handleRequest(NULL, Object(Config\Cache), false)
#8 /var/www/photolib/public/index.php(37): CodeIgniter\CodeIgniter->run()
#9 {main}
CRITICAL - 2022-01-04 22:12:08 --> Undefined index: pictures_met_id
#0 /var/www/photolib/app/Views/dev/test_header.php(10): CodeIgniter\Debug\Exceptions->errorHandler(8, 'Undefined index...', '/var/www/photol...', 10, Array)
#1 /var/www/photolib/app/Views/dev/test_header.php(33): metrics2()
#2 /var/www/photolib/system/View/View.php(214): include('/var/www/photol...')
#3 /var/www/photolib/system/View/View.php(217): CodeIgniter\View\View->CodeIgniter\View\{closure}()
#4 /var/www/photolib/system/Common.php(1097): CodeIgniter\View\View->render('dev/test_header', Array, true)
#5 /var/www/photolib/app/Controllers/Home.php(366): view('dev/test_header', Array)
#6 /var/www/photolib/system/CodeIgniter.php(824): App\Controllers\Home->other()
#7 /var/www/photolib/system/CodeIgniter.php(410): CodeIgniter\CodeIgniter->runController(Object(App\Controllers\Home))
#8 /var/www/photolib/system/CodeIgniter.php(318): CodeIgniter\CodeIgniter->handleRequest(NULL, Object(Config\Cache), false)
#9 /var/www/photolib/public/index.php(37): CodeIgniter\CodeIgniter->run()
#10 {main}
CRITICAL - 2022-01-04 22:22:11 --> session_start(): A session had already been started - ignoring
#0 [internal function]: CodeIgniter\Debug\Exceptions->errorHandler(8, 'session_start()...', '/var/www/photol...', 2, Array)
#1 /var/www/photolib/app/Views/dev/test_header.php(2): session_start()
#2 /var/www/photolib/system/View/View.php(214): include('/var/www/photol...')
#3 /var/www/photolib/system/View/View.php(217): CodeIgniter\View\View->CodeIgniter\View\{closure}()
#4 /var/www/photolib/system/Common.php(1097): CodeIgniter\View\View->render('dev/test_header', Array, true)
#5 /var/www/photolib/app/Controllers/Home.php(366): view('dev/test_header', Array)
#6 /var/www/photolib/system/CodeIgniter.php(824): App\Controllers\Home->other()
#7 /var/www/photolib/system/CodeIgniter.php(410): CodeIgniter\CodeIgniter->runController(Object(App\Controllers\Home))
#8 /var/www/photolib/system/CodeIgniter.php(318): CodeIgniter\CodeIgniter->handleRequest(NULL, Object(Config\Cache), false)
#9 /var/www/photolib/public/index.php(37): CodeIgniter\CodeIgniter->run()
#10 {main}
CRITICAL - 2022-01-04 22:23:00 --> Undefined index: id
#0 /var/www/photolib/app/Views/dev/test_header.php(12): CodeIgniter\Debug\Exceptions->errorHandler(8, 'Undefined index...', '/var/www/photol...', 12, Array)
#1 /var/www/photolib/app/Views/dev/test_header.php(35): metrics2()
#2 /var/www/photolib/system/View/View.php(214): include('/var/www/photol...')
#3 /var/www/photolib/system/View/View.php(217): CodeIgniter\View\View->CodeIgniter\View\{closure}()
#4 /var/www/photolib/system/Common.php(1097): CodeIgniter\View\View->render('dev/test_header', Array, true)
#5 /var/www/photolib/app/Controllers/Home.php(366): view('dev/test_header', Array)
#6 /var/www/photolib/system/CodeIgniter.php(824): App\Controllers\Home->other()
#7 /var/www/photolib/system/CodeIgniter.php(410): CodeIgniter\CodeIgniter->runController(Object(App\Controllers\Home))
#8 /var/www/photolib/system/CodeIgniter.php(318): CodeIgniter\CodeIgniter->handleRequest(NULL, Object(Config\Cache), false)
#9 /var/www/photolib/public/index.php(37): CodeIgniter\CodeIgniter->run()
#10 {main}
CRITICAL - 2022-01-04 22:23:26 --> Undefined index: pictures_met_id
#0 /var/www/photolib/app/Views/dev/test_header.php(49): CodeIgniter\Debug\Exceptions->errorHandler(8, 'Undefined index...', '/var/www/photol...', 49, Array)
#1 /var/www/photolib/system/View/View.php(214): include('/var/www/photol...')
#2 /var/www/photolib/system/View/View.php(217): CodeIgniter\View\View->CodeIgniter\View\{closure}()
#3 /var/www/photolib/system/Common.php(1097): CodeIgniter\View\View->render('dev/test_header', Array, true)
#4 /var/www/photolib/app/Controllers/Home.php(366): view('dev/test_header', Array)
#5 /var/www/photolib/system/CodeIgniter.php(824): App\Controllers\Home->other()
#6 /var/www/photolib/system/CodeIgniter.php(410): CodeIgniter\CodeIgniter->runController(Object(App\Controllers\Home))
#7 /var/www/photolib/system/CodeIgniter.php(318): CodeIgniter\CodeIgniter->handleRequest(NULL, Object(Config\Cache), false)
#8 /var/www/photolib/public/index.php(37): CodeIgniter\CodeIgniter->run()
#9 {main}
CRITICAL - 2022-01-04 22:23:29 --> Undefined index: pictures_met_id
#0 /var/www/photolib/app/Views/dev/test_header.php(49): CodeIgniter\Debug\Exceptions->errorHandler(8, 'Undefined index...', '/var/www/photol...', 49, Array)
#1 /var/www/photolib/system/View/View.php(214): include('/var/www/photol...')
#2 /var/www/photolib/system/View/View.php(217): CodeIgniter\View\View->CodeIgniter\View\{closure}()
#3 /var/www/photolib/system/Common.php(1097): CodeIgniter\View\View->render('dev/test_header', Array, true)
#4 /var/www/photolib/app/Controllers/Home.php(366): view('dev/test_header', Array)
#5 /var/www/photolib/system/CodeIgniter.php(824): App\Controllers\Home->other()
#6 /var/www/photolib/system/CodeIgniter.php(410): CodeIgniter\CodeIgniter->runController(Object(App\Controllers\Home))
#7 /var/www/photolib/system/CodeIgniter.php(318): CodeIgniter\CodeIgniter->handleRequest(NULL, Object(Config\Cache), false)
#8 /var/www/photolib/public/index.php(37): CodeIgniter\CodeIgniter->run()
#9 {main}
CRITICAL - 2022-01-04 22:23:30 --> Undefined index: pictures_met_id
#0 /var/www/photolib/app/Views/dev/test_header.php(49): CodeIgniter\Debug\Exceptions->errorHandler(8, 'Undefined index...', '/var/www/photol...', 49, Array)
#1 /var/www/photolib/system/View/View.php(214): include('/var/www/photol...')
#2 /var/www/photolib/system/View/View.php(217): CodeIgniter\View\View->CodeIgniter\View\{closure}()
#3 /var/www/photolib/system/Common.php(1097): CodeIgniter\View\View->render('dev/test_header', Array, true)
#4 /var/www/photolib/app/Controllers/Home.php(366): view('dev/test_header', Array)
#5 /var/www/photolib/system/CodeIgniter.php(824): App\Controllers\Home->other()
#6 /var/www/photolib/system/CodeIgniter.php(410): CodeIgniter\CodeIgniter->runController(Object(App\Controllers\Home))
#7 /var/www/photolib/system/CodeIgniter.php(318): CodeIgniter\CodeIgniter->handleRequest(NULL, Object(Config\Cache), false)
#8 /var/www/photolib/public/index.php(37): CodeIgniter\CodeIgniter->run()
#9 {main}
CRITICAL - 2022-01-04 22:24:25 --> Undefined variable: bdd
#0 /var/www/photolib/app/Views/dev/test2.php(2): CodeIgniter\Debug\Exceptions->errorHandler(8, 'Undefined varia...', '/var/www/photol...', 2, Array)
#1 /var/www/photolib/system/View/View.php(214): include('/var/www/photol...')
#2 /var/www/photolib/system/View/View.php(217): CodeIgniter\View\View->CodeIgniter\View\{closure}()
#3 /var/www/photolib/system/Common.php(1097): CodeIgniter\View\View->render('dev/test2', Array, true)
#4 /var/www/photolib/app/Controllers/Home.php(367): view('dev/test2')
#5 /var/www/photolib/system/CodeIgniter.php(824): App\Controllers\Home->other()
#6 /var/www/photolib/system/CodeIgniter.php(410): CodeIgniter\CodeIgniter->runController(Object(App\Controllers\Home))
#7 /var/www/photolib/system/CodeIgniter.php(318): CodeIgniter\CodeIgniter->handleRequest(NULL, Object(Config\Cache), false)
#8 /var/www/photolib/public/index.php(37): CodeIgniter\CodeIgniter->run()
#9 {main}
